2020-12-07 09:52:18,330 [Worker-3: Loading available Gradle versions] INFO  o.e.b.c.i.u.g.PublishedGradleVersions - Gradle version information cache is out-of-date. Trying to update.
2020-12-09 15:11:53,495 [ModalContext] INFO  o.e.m.c.i.e.AbstractTransferListenerAdapter - Downloading https://repo.maven.apache.org/maven2/org/apache/maven/archetypes/maven-archetype-quickstart/1.1/maven-archetype-quickstart-1.1.jar
2020-12-09 15:11:53,882 [ModalContext] INFO  o.e.m.c.i.e.AbstractTransferListenerAdapter - Downloaded https://repo.maven.apache.org/maven2/org/apache/maven/archetypes/maven-archetype-quickstart/1.1/maven-archetype-quickstart-1.1.jar
2020-12-09 15:11:54,156 [ModalContext] INFO  o.e.m.c.i.e.AbstractTransferListenerAdapter - Downloading https://repo.maven.apache.org/maven2/org/apache/maven/archetypes/maven-archetype-quickstart/1.1/maven-archetype-quickstart-1.1.pom
2020-12-09 15:11:54,436 [ModalContext] INFO  o.e.m.c.i.e.AbstractTransferListenerAdapter - Downloaded https://repo.maven.apache.org/maven2/org/apache/maven/archetypes/maven-archetype-quickstart/1.1/maven-archetype-quickstart-1.1.pom
2020-12-09 15:13:09,750 [Worker-392: Creating maven-archetype-quickstart] INFO  o.e.m.c.i.p.ProjectConfigurationManager - Collecting project info '/pom.xml' D:\synechron_07_12_2020\Eclipse_WS\seleniumtraining\pom.xml
2020-12-09 15:13:12,911 [Worker-392: Creating maven-archetype-quickstart] INFO  o.e.m.c.i.e.AbstractTransferListenerAdapter - Downloading https://repo.maven.apache.org/maven2/org/apache/maven/plugins/maven-compiler-plugin/3.1/maven-compiler-plugin-3.1.jar
2020-12-09 15:13:13,442 [Worker-392: Creating maven-archetype-quickstart] INFO  o.e.m.c.i.e.AbstractTransferListenerAdapter - Downloaded https://repo.maven.apache.org/maven2/org/apache/maven/plugins/maven-compiler-plugin/3.1/maven-compiler-plugin-3.1.jar
2020-12-09 15:13:14,435 [Worker-392: Creating maven-archetype-quickstart] INFO  o.e.m.c.i.e.AbstractTransferListenerAdapter - Downloading https://repo.maven.apache.org/maven2/org/apache/maven/plugins/maven-compiler-plugin/3.1/maven-compiler-plugin-3.1.pom
2020-12-09 15:13:14,714 [Worker-392: Creating maven-archetype-quickstart] INFO  o.e.m.c.i.e.AbstractTransferListenerAdapter - Downloaded https://repo.maven.apache.org/maven2/org/apache/maven/plugins/maven-compiler-plugin/3.1/maven-compiler-plugin-3.1.pom
2020-12-09 15:13:15,000 [Worker-392: Creating maven-archetype-quickstart] INFO  o.e.m.c.i.e.AbstractTransferListenerAdapter - Downloading https://repo.maven.apache.org/maven2/org/apache/maven/plugins/maven-plugins/24/maven-plugins-24.pom
2020-12-09 15:13:15,326 [Worker-392: Creating maven-archetype-quickstart] INFO  o.e.m.c.i.e.AbstractTransferListenerAdapter - Downloaded https://repo.maven.apache.org/maven2/org/apache/maven/plugins/maven-plugins/24/maven-plugins-24.pom
2020-12-09 15:13:16,085 [Worker-392: Creating maven-archetype-quickstart] INFO  o.e.m.c.i.e.AbstractTransferListenerAdapter - Downloading https://repo.maven.apache.org/maven2/org/codehaus/plexus/plexus-utils/1.5.1/plexus-utils-1.5.1.pom
2020-12-09 15:13:16,540 [Worker-392: Creating maven-archetype-quickstart] INFO  o.e.m.c.i.e.AbstractTransferListenerAdapter - Downloaded https://repo.maven.apache.org/maven2/org/codehaus/plexus/plexus-utils/1.5.1/plexus-utils-1.5.1.pom
2020-12-09 15:13:17,102 [Worker-392: Creating maven-archetype-quickstart] INFO  o.e.m.c.i.e.AbstractTransferListenerAdapter - Downloading https://repo.maven.apache.org/maven2/org/apache/maven/maven-toolchain/1.0/maven-toolchain-1.0.pom
2020-12-09 15:13:17,372 [Worker-392: Creating maven-archetype-quickstart] INFO  o.e.m.c.i.e.AbstractTransferListenerAdapter - Downloaded https://repo.maven.apache.org/maven2/org/apache/maven/maven-toolchain/1.0/maven-toolchain-1.0.pom
2020-12-09 15:13:18,935 [Worker-392: Creating maven-archetype-quickstart] INFO  o.e.m.c.i.e.AbstractTransferListenerAdapter - Downloading https://repo.maven.apache.org/maven2/org/codehaus/plexus/plexus-component-annotations/1.5.5/plexus-component-annotations-1.5.5.pom
2020-12-09 15:13:19,206 [Worker-392: Creating maven-archetype-quickstart] INFO  o.e.m.c.i.e.AbstractTransferListenerAdapter - Downloaded https://repo.maven.apache.org/maven2/org/codehaus/plexus/plexus-component-annotations/1.5.5/plexus-component-annotations-1.5.5.pom
2020-12-09 15:13:19,471 [Worker-392: Creating maven-archetype-quickstart] INFO  o.e.m.c.i.e.AbstractTransferListenerAdapter - Downloading https://repo.maven.apache.org/maven2/org/codehaus/plexus/plexus-containers/1.5.5/plexus-containers-1.5.5.pom
2020-12-09 15:13:19,740 [Worker-392: Creating maven-archetype-quickstart] INFO  o.e.m.c.i.e.AbstractTransferListenerAdapter - Downloaded https://repo.maven.apache.org/maven2/org/codehaus/plexus/plexus-containers/1.5.5/plexus-containers-1.5.5.pom
2020-12-09 15:13:20,034 [Worker-392: Creating maven-archetype-quickstart] INFO  o.e.m.c.i.e.AbstractTransferListenerAdapter - Downloading https://repo.maven.apache.org/maven2/org/codehaus/plexus/plexus-compiler-api/2.2/plexus-compiler-api-2.2.pom
2020-12-09 15:13:20,318 [Worker-392: Creating maven-archetype-quickstart] INFO  o.e.m.c.i.e.AbstractTransferListenerAdapter - Downloaded https://repo.maven.apache.org/maven2/org/codehaus/plexus/plexus-compiler-api/2.2/plexus-compiler-api-2.2.pom
2020-12-09 15:13:20,583 [Worker-392: Creating maven-archetype-quickstart] INFO  o.e.m.c.i.e.AbstractTransferListenerAdapter - Downloading https://repo.maven.apache.org/maven2/org/codehaus/plexus/plexus-compiler/2.2/plexus-compiler-2.2.pom
2020-12-09 15:13:20,859 [Worker-392: Creating maven-archetype-quickstart] INFO  o.e.m.c.i.e.AbstractTransferListenerAdapter - Downloaded https://repo.maven.apache.org/maven2/org/codehaus/plexus/plexus-compiler/2.2/plexus-compiler-2.2.pom
2020-12-09 15:13:21,125 [Worker-392: Creating maven-archetype-quickstart] INFO  o.e.m.c.i.e.AbstractTransferListenerAdapter - Downloading https://repo.maven.apache.org/maven2/org/codehaus/plexus/plexus-components/1.3.1/plexus-components-1.3.1.pom
2020-12-09 15:13:21,401 [Worker-392: Creating maven-archetype-quickstart] INFO  o.e.m.c.i.e.AbstractTransferListenerAdapter - Downloaded https://repo.maven.apache.org/maven2/org/codehaus/plexus/plexus-components/1.3.1/plexus-components-1.3.1.pom
2020-12-09 15:13:21,736 [Worker-392: Creating maven-archetype-quickstart] INFO  o.e.m.c.i.e.AbstractTransferListenerAdapter - Downloading https://repo.maven.apache.org/maven2/org/codehaus/plexus/plexus-utils/3.0.8/plexus-utils-3.0.8.pom
2020-12-09 15:13:22,012 [Worker-392: Creating maven-archetype-quickstart] INFO  o.e.m.c.i.e.AbstractTransferListenerAdapter - Downloaded https://repo.maven.apache.org/maven2/org/codehaus/plexus/plexus-utils/3.0.8/plexus-utils-3.0.8.pom
2020-12-09 15:13:22,278 [Worker-392: Creating maven-archetype-quickstart] INFO  o.e.m.c.i.e.AbstractTransferListenerAdapter - Downloading https://repo.maven.apache.org/maven2/org/codehaus/plexus/plexus/3.2/plexus-3.2.pom
2020-12-09 15:13:22,555 [Worker-392: Creating maven-archetype-quickstart] INFO  o.e.m.c.i.e.AbstractTransferListenerAdapter - Downloaded https://repo.maven.apache.org/maven2/org/codehaus/plexus/plexus/3.2/plexus-3.2.pom
2020-12-09 15:13:22,823 [Worker-392: Creating maven-archetype-quickstart] INFO  o.e.m.c.i.e.AbstractTransferListenerAdapter - Downloading https://repo.maven.apache.org/maven2/org/codehaus/plexus/plexus-compiler-manager/2.2/plexus-compiler-manager-2.2.pom
2020-12-09 15:13:23,097 [Worker-392: Creating maven-archetype-quickstart] INFO  o.e.m.c.i.e.AbstractTransferListenerAdapter - Downloaded https://repo.maven.apache.org/maven2/org/codehaus/plexus/plexus-compiler-manager/2.2/plexus-compiler-manager-2.2.pom
2020-12-09 15:13:23,367 [Worker-392: Creating maven-archetype-quickstart] INFO  o.e.m.c.i.e.AbstractTransferListenerAdapter - Downloading https://repo.maven.apache.org/maven2/org/codehaus/plexus/plexus-compiler-javac/2.2/plexus-compiler-javac-2.2.pom
2020-12-09 15:13:23,634 [Worker-392: Creating maven-archetype-quickstart] INFO  o.e.m.c.i.e.AbstractTransferListenerAdapter - Downloaded https://repo.maven.apache.org/maven2/org/codehaus/plexus/plexus-compiler-javac/2.2/plexus-compiler-javac-2.2.pom
2020-12-09 15:13:23,899 [Worker-392: Creating maven-archetype-quickstart] INFO  o.e.m.c.i.e.AbstractTransferListenerAdapter - Downloading https://repo.maven.apache.org/maven2/org/codehaus/plexus/plexus-compilers/2.2/plexus-compilers-2.2.pom
2020-12-09 15:13:24,166 [Worker-392: Creating maven-archetype-quickstart] INFO  o.e.m.c.i.e.AbstractTransferListenerAdapter - Downloaded https://repo.maven.apache.org/maven2/org/codehaus/plexus/plexus-compilers/2.2/plexus-compilers-2.2.pom
2020-12-09 15:13:24,435 [Worker-392: Creating maven-archetype-quickstart] INFO  o.e.m.c.i.e.AbstractTransferListenerAdapter - Downloading https://repo.maven.apache.org/maven2/org/codehaus/plexus/plexus-container-default/1.5.5/plexus-container-default-1.5.5.pom
2020-12-09 15:13:24,706 [Worker-392: Creating maven-archetype-quickstart] INFO  o.e.m.c.i.e.AbstractTransferListenerAdapter - Downloaded https://repo.maven.apache.org/maven2/org/codehaus/plexus/plexus-container-default/1.5.5/plexus-container-default-1.5.5.pom
2020-12-09 15:13:24,973 [Worker-392: Creating maven-archetype-quickstart] INFO  o.e.m.c.i.e.AbstractTransferListenerAdapter - Downloading https://repo.maven.apache.org/maven2/org/codehaus/plexus/plexus-utils/1.4.5/plexus-utils-1.4.5.pom
2020-12-09 15:13:25,243 [Worker-392: Creating maven-archetype-quickstart] INFO  o.e.m.c.i.e.AbstractTransferListenerAdapter - Downloaded https://repo.maven.apache.org/maven2/org/codehaus/plexus/plexus-utils/1.4.5/plexus-utils-1.4.5.pom
2020-12-09 15:13:25,511 [Worker-392: Creating maven-archetype-quickstart] INFO  o.e.m.c.i.e.AbstractTransferListenerAdapter - Downloading https://repo.maven.apache.org/maven2/org/codehaus/plexus/plexus-classworlds/2.2.2/plexus-classworlds-2.2.2.pom
2020-12-09 15:13:25,778 [Worker-392: Creating maven-archetype-quickstart] INFO  o.e.m.c.i.e.AbstractTransferListenerAdapter - Downloaded https://repo.maven.apache.org/maven2/org/codehaus/plexus/plexus-classworlds/2.2.2/plexus-classworlds-2.2.2.pom
2020-12-09 15:13:26,070 [Worker-392: Creating maven-archetype-quickstart] INFO  o.e.m.c.i.e.AbstractTransferListenerAdapter - Downloading https://repo.maven.apache.org/maven2/org/apache/xbean/xbean-reflect/3.4/xbean-reflect-3.4.pom
2020-12-09 15:13:26,339 [Worker-392: Creating maven-archetype-quickstart] INFO  o.e.m.c.i.e.AbstractTransferListenerAdapter - Downloaded https://repo.maven.apache.org/maven2/org/apache/xbean/xbean-reflect/3.4/xbean-reflect-3.4.pom
2020-12-09 15:13:26,608 [Worker-392: Creating maven-archetype-quickstart] INFO  o.e.m.c.i.e.AbstractTransferListenerAdapter - Downloading https://repo.maven.apache.org/maven2/org/apache/xbean/xbean/3.4/xbean-3.4.pom
2020-12-09 15:13:26,881 [Worker-392: Creating maven-archetype-quickstart] INFO  o.e.m.c.i.e.AbstractTransferListenerAdapter - Downloaded https://repo.maven.apache.org/maven2/org/apache/xbean/xbean/3.4/xbean-3.4.pom
2020-12-09 15:13:27,150 [Worker-392: Creating maven-archetype-quickstart] INFO  o.e.m.c.i.e.AbstractTransferListenerAdapter - Downloading https://repo.maven.apache.org/maven2/log4j/log4j/1.2.12/log4j-1.2.12.pom
2020-12-09 15:13:27,418 [Worker-392: Creating maven-archetype-quickstart] INFO  o.e.m.c.i.e.AbstractTransferListenerAdapter - Downloaded https://repo.maven.apache.org/maven2/log4j/log4j/1.2.12/log4j-1.2.12.pom
2020-12-09 15:13:27,688 [Worker-392: Creating maven-archetype-quickstart] INFO  o.e.m.c.i.e.AbstractTransferListenerAdapter - Downloading https://repo.maven.apache.org/maven2/commons-logging/commons-logging-api/1.1/commons-logging-api-1.1.pom
2020-12-09 15:13:27,957 [Worker-392: Creating maven-archetype-quickstart] INFO  o.e.m.c.i.e.AbstractTransferListenerAdapter - Downloaded https://repo.maven.apache.org/maven2/commons-logging/commons-logging-api/1.1/commons-logging-api-1.1.pom
2020-12-09 15:13:28,225 [Worker-392: Creating maven-archetype-quickstart] INFO  o.e.m.c.i.e.AbstractTransferListenerAdapter - Downloading https://repo.maven.apache.org/maven2/com/google/collections/google-collections/1.0/google-collections-1.0.pom
2020-12-09 15:13:28,495 [Worker-392: Creating maven-archetype-quickstart] INFO  o.e.m.c.i.e.AbstractTransferListenerAdapter - Downloaded https://repo.maven.apache.org/maven2/com/google/collections/google-collections/1.0/google-collections-1.0.pom
2020-12-09 15:13:28,761 [Worker-392: Creating maven-archetype-quickstart] INFO  o.e.m.c.i.e.AbstractTransferListenerAdapter - Downloading https://repo.maven.apache.org/maven2/com/google/google/1/google-1.pom
2020-12-09 15:13:29,028 [Worker-392: Creating maven-archetype-quickstart] INFO  o.e.m.c.i.e.AbstractTransferListenerAdapter - Downloaded https://repo.maven.apache.org/maven2/com/google/google/1/google-1.pom
2020-12-09 15:13:29,426 [Worker-392: Creating maven-archetype-quickstart] INFO  o.e.m.c.i.e.AbstractTransferListenerAdapter - Downloading https://repo.maven.apache.org/maven2/org/codehaus/plexus/plexus-utils/1.5.1/plexus-utils-1.5.1.jar
2020-12-09 15:13:30,464 [Worker-392: Creating maven-archetype-quickstart] INFO  o.e.m.c.i.e.AbstractTransferListenerAdapter - Downloaded https://repo.maven.apache.org/maven2/org/codehaus/plexus/plexus-utils/1.5.1/plexus-utils-1.5.1.jar
2020-12-09 15:13:30,717 [Worker-392: Creating maven-archetype-quickstart] INFO  o.e.m.c.i.e.AbstractTransferListenerAdapter - Downloading https://repo.maven.apache.org/maven2/org/apache/maven/maven-toolchain/1.0/maven-toolchain-1.0.jar
2020-12-09 15:13:31,003 [Worker-392: Creating maven-archetype-quickstart] INFO  o.e.m.c.i.e.AbstractTransferListenerAdapter - Downloaded https://repo.maven.apache.org/maven2/org/apache/maven/maven-toolchain/1.0/maven-toolchain-1.0.jar
2020-12-09 15:13:31,255 [Worker-392: Creating maven-archetype-quickstart] INFO  o.e.m.c.i.e.AbstractTransferListenerAdapter - Downloading https://repo.maven.apache.org/maven2/org/apache/maven/shared/maven-shared-utils/0.1/maven-shared-utils-0.1.jar
2020-12-09 15:13:31,786 [Worker-392: Creating maven-archetype-quickstart] INFO  o.e.m.c.i.e.AbstractTransferListenerAdapter - Downloaded https://repo.maven.apache.org/maven2/org/apache/maven/shared/maven-shared-utils/0.1/maven-shared-utils-0.1.jar
2020-12-09 15:13:32,039 [Worker-392: Creating maven-archetype-quickstart] INFO  o.e.m.c.i.e.AbstractTransferListenerAdapter - Downloading https://repo.maven.apache.org/maven2/com/google/code/findbugs/jsr305/2.0.1/jsr305-2.0.1.jar
2020-12-09 15:13:32,314 [Worker-392: Creating maven-archetype-quickstart] INFO  o.e.m.c.i.e.AbstractTransferListenerAdapter - Downloaded https://repo.maven.apache.org/maven2/com/google/code/findbugs/jsr305/2.0.1/jsr305-2.0.1.jar
2020-12-09 15:13:32,566 [Worker-392: Creating maven-archetype-quickstart] INFO  o.e.m.c.i.e.AbstractTransferListenerAdapter - Downloading https://repo.maven.apache.org/maven2/org/codehaus/plexus/plexus-component-annotations/1.5.5/plexus-component-annotations-1.5.5.jar
2020-12-09 15:13:32,838 [Worker-392: Creating maven-archetype-quickstart] INFO  o.e.m.c.i.e.AbstractTransferListenerAdapter - Downloaded https://repo.maven.apache.org/maven2/org/codehaus/plexus/plexus-component-annotations/1.5.5/plexus-component-annotations-1.5.5.jar
2020-12-09 15:13:33,090 [Worker-392: Creating maven-archetype-quickstart] INFO  o.e.m.c.i.e.AbstractTransferListenerAdapter - Downloading https://repo.maven.apache.org/maven2/org/codehaus/plexus/plexus-compiler-api/2.2/plexus-compiler-api-2.2.jar
2020-12-09 15:13:33,365 [Worker-392: Creating maven-archetype-quickstart] INFO  o.e.m.c.i.e.AbstractTransferListenerAdapter - Downloaded https://repo.maven.apache.org/maven2/org/codehaus/plexus/plexus-compiler-api/2.2/plexus-compiler-api-2.2.jar
2020-12-09 15:13:33,617 [Worker-392: Creating maven-archetype-quickstart] INFO  o.e.m.c.i.e.AbstractTransferListenerAdapter - Downloading https://repo.maven.apache.org/maven2/org/codehaus/plexus/plexus-compiler-manager/2.2/plexus-compiler-manager-2.2.jar
2020-12-09 15:13:33,886 [Worker-392: Creating maven-archetype-quickstart] INFO  o.e.m.c.i.e.AbstractTransferListenerAdapter - Downloaded https://repo.maven.apache.org/maven2/org/codehaus/plexus/plexus-compiler-manager/2.2/plexus-compiler-manager-2.2.jar
2020-12-09 15:13:34,138 [Worker-392: Creating maven-archetype-quickstart] INFO  o.e.m.c.i.e.AbstractTransferListenerAdapter - Downloading https://repo.maven.apache.org/maven2/org/codehaus/plexus/plexus-compiler-javac/2.2/plexus-compiler-javac-2.2.jar
2020-12-09 15:13:34,410 [Worker-392: Creating maven-archetype-quickstart] INFO  o.e.m.c.i.e.AbstractTransferListenerAdapter - Downloaded https://repo.maven.apache.org/maven2/org/codehaus/plexus/plexus-compiler-javac/2.2/plexus-compiler-javac-2.2.jar
2020-12-09 15:13:34,663 [Worker-392: Creating maven-archetype-quickstart] INFO  o.e.m.c.i.e.AbstractTransferListenerAdapter - Downloading https://repo.maven.apache.org/maven2/org/codehaus/plexus/plexus-container-default/1.5.5/plexus-container-default-1.5.5.jar
2020-12-09 15:13:35,024 [Worker-392: Creating maven-archetype-quickstart] INFO  o.e.m.c.i.e.AbstractTransferListenerAdapter - Downloaded https://repo.maven.apache.org/maven2/org/codehaus/plexus/plexus-container-default/1.5.5/plexus-container-default-1.5.5.jar
2020-12-09 15:13:35,276 [Worker-392: Creating maven-archetype-quickstart] INFO  o.e.m.c.i.e.AbstractTransferListenerAdapter - Downloading https://repo.maven.apache.org/maven2/org/codehaus/plexus/plexus-classworlds/2.2.2/plexus-classworlds-2.2.2.jar
2020-12-09 15:13:35,555 [Worker-392: Creating maven-archetype-quickstart] INFO  o.e.m.c.i.e.AbstractTransferListenerAdapter - Downloaded https://repo.maven.apache.org/maven2/org/codehaus/plexus/plexus-classworlds/2.2.2/plexus-classworlds-2.2.2.jar
2020-12-09 15:13:35,808 [Worker-392: Creating maven-archetype-quickstart] INFO  o.e.m.c.i.e.AbstractTransferListenerAdapter - Downloading https://repo.maven.apache.org/maven2/org/apache/xbean/xbean-reflect/3.4/xbean-reflect-3.4.jar
2020-12-09 15:13:36,111 [Worker-392: Creating maven-archetype-quickstart] INFO  o.e.m.c.i.e.AbstractTransferListenerAdapter - Downloaded https://repo.maven.apache.org/maven2/org/apache/xbean/xbean-reflect/3.4/xbean-reflect-3.4.jar
2020-12-09 15:13:36,365 [Worker-392: Creating maven-archetype-quickstart] INFO  o.e.m.c.i.e.AbstractTransferListenerAdapter - Downloading https://repo.maven.apache.org/maven2/log4j/log4j/1.2.12/log4j-1.2.12.jar
2020-12-09 15:13:36,913 [Worker-392: Creating maven-archetype-quickstart] INFO  o.e.m.c.i.e.AbstractTransferListenerAdapter - Downloaded https://repo.maven.apache.org/maven2/log4j/log4j/1.2.12/log4j-1.2.12.jar
2020-12-09 15:13:37,165 [Worker-392: Creating maven-archetype-quickstart] INFO  o.e.m.c.i.e.AbstractTransferListenerAdapter - Downloading https://repo.maven.apache.org/maven2/commons-logging/commons-logging-api/1.1/commons-logging-api-1.1.jar
2020-12-09 15:13:37,437 [Worker-392: Creating maven-archetype-quickstart] INFO  o.e.m.c.i.e.AbstractTransferListenerAdapter - Downloaded https://repo.maven.apache.org/maven2/commons-logging/commons-logging-api/1.1/commons-logging-api-1.1.jar
2020-12-09 15:13:37,690 [Worker-392: Creating maven-archetype-quickstart] INFO  o.e.m.c.i.e.AbstractTransferListenerAdapter - Downloading https://repo.maven.apache.org/maven2/com/google/collections/google-collections/1.0/google-collections-1.0.jar
2020-12-09 15:13:38,321 [Worker-392: Creating maven-archetype-quickstart] INFO  o.e.m.c.i.e.AbstractTransferListenerAdapter - Downloaded https://repo.maven.apache.org/maven2/com/google/collections/google-collections/1.0/google-collections-1.0.jar
2020-12-09 15:13:38,574 [Worker-392: Creating maven-archetype-quickstart] INFO  o.e.m.c.i.e.AbstractTransferListenerAdapter - Downloading https://repo.maven.apache.org/maven2/junit/junit/3.8.2/junit-3.8.2.jar
2020-12-09 15:13:38,858 [Worker-392: Creating maven-archetype-quickstart] INFO  o.e.m.c.i.e.AbstractTransferListenerAdapter - Downloaded https://repo.maven.apache.org/maven2/junit/junit/3.8.2/junit-3.8.2.jar
2020-12-09 15:13:43,246 [Worker-392: Creating maven-archetype-quickstart] INFO  o.e.m.c.i.l.LifecycleMappingFactory - Using org.eclipse.m2e.jdt.JarLifecycleMapping lifecycle mapping for MavenProject: com.synechron.actitime:seleniumtraining:0.0.1-SNAPSHOT @ D:\synechron_07_12_2020\Eclipse_WS\seleniumtraining\pom.xml.
2020-12-09 15:13:45,982 [Worker-392: Creating maven-archetype-quickstart] INFO  o.e.m.j.i.AbstractJavaProjectConfigurator - Adding source folder /seleniumtraining/src/main/java
2020-12-09 15:13:45,991 [Worker-392: Creating maven-archetype-quickstart] INFO  o.e.m.j.i.AbstractJavaProjectConfigurator - Adding source folder /seleniumtraining/src/test/java
2020-12-09 15:13:46,448 [Worker-392: Creating maven-archetype-quickstart] INFO  o.e.m.c.i.p.ProjectConfigurationManager - Imported and configured 1 project(s) in 36 sec
2020-12-09 15:13:49,319 [Worker-401: Building workspace] INFO  o.e.m.c.i.embedder.EclipseLogger - Using 'UTF-8' encoding to copy filtered resources.
2020-12-09 15:13:49,320 [Worker-401: Building workspace] INFO  o.e.m.c.i.embedder.EclipseLogger - skip non existing resourceDirectory D:\synechron_07_12_2020\Eclipse_WS\seleniumtraining\src\main\resources
2020-12-09 15:13:49,325 [Worker-401: Building workspace] INFO  o.e.m.c.i.embedder.EclipseLogger - Using 'UTF-8' encoding to copy filtered resources.
2020-12-09 15:13:49,325 [Worker-401: Building workspace] INFO  o.e.m.c.i.embedder.EclipseLogger - skip non existing resourceDirectory D:\synechron_07_12_2020\Eclipse_WS\seleniumtraining\src\test\resources
2020-12-09 15:23:10,176 [Worker-406: Building workspace] INFO  o.e.m.c.i.l.LifecycleMappingFactory - Using org.eclipse.m2e.jdt.JarLifecycleMapping lifecycle mapping for MavenProject: com.synechron.actitime:seleniumtraining:0.0.1-SNAPSHOT @ D:\synechron_07_12_2020\Eclipse_WS\seleniumtraining\pom.xml.
2020-12-09 15:23:12,903 [Worker-406: Building workspace] INFO  o.e.m.c.i.embedder.EclipseLogger - Using 'UTF-8' encoding to copy filtered resources.
2020-12-09 15:23:12,904 [Worker-406: Building workspace] INFO  o.e.m.c.i.embedder.EclipseLogger - skip non existing resourceDirectory D:\synechron_07_12_2020\Eclipse_WS\seleniumtraining\src\main\resources
2020-12-09 15:23:12,908 [Worker-406: Building workspace] INFO  o.e.m.c.i.embedder.EclipseLogger - Using 'UTF-8' encoding to copy filtered resources.
2020-12-09 15:23:12,909 [Worker-406: Building workspace] INFO  o.e.m.c.i.embedder.EclipseLogger - skip non existing resourceDirectory D:\synechron_07_12_2020\Eclipse_WS\seleniumtraining\src\test\resources
2020-12-09 15:23:15,814 [Worker-407: Building workspace] INFO  o.e.m.c.i.embedder.EclipseLogger - Using 'UTF-8' encoding to copy filtered resources.
2020-12-09 15:23:15,815 [Worker-407: Building workspace] INFO  o.e.m.c.i.embedder.EclipseLogger - skip non existing resourceDirectory D:\synechron_07_12_2020\Eclipse_WS\seleniumtraining\src\main\resources
2020-12-09 15:23:15,818 [Worker-407: Building workspace] INFO  o.e.m.c.i.embedder.EclipseLogger - Using 'UTF-8' encoding to copy filtered resources.
2020-12-09 15:23:15,818 [Worker-407: Building workspace] INFO  o.e.m.c.i.embedder.EclipseLogger - skip non existing resourceDirectory D:\synechron_07_12_2020\Eclipse_WS\seleniumtraining\src\test\resources
2020-12-09 15:39:44,273 [Worker-409: Building workspace] INFO  o.e.m.c.i.embedder.EclipseLogger - Using 'UTF-8' encoding to copy filtered resources.
2020-12-09 15:39:44,274 [Worker-409: Building workspace] INFO  o.e.m.c.i.embedder.EclipseLogger - skip non existing resourceDirectory D:\synechron_07_12_2020\Eclipse_WS\seleniumtraining\src\main\resources
2020-12-09 15:39:44,287 [Worker-409: Building workspace] INFO  o.e.m.c.i.embedder.EclipseLogger - Using 'UTF-8' encoding to copy filtered resources.
2020-12-09 15:39:44,287 [Worker-409: Building workspace] INFO  o.e.m.c.i.embedder.EclipseLogger - skip non existing resourceDirectory D:\synechron_07_12_2020\Eclipse_WS\seleniumtraining\src\test\resources
2020-12-09 15:39:56,513 [Worker-408: Building workspace] INFO  o.e.m.c.i.embedder.EclipseLogger - Using 'UTF-8' encoding to copy filtered resources.
2020-12-09 15:39:56,514 [Worker-408: Building workspace] INFO  o.e.m.c.i.embedder.EclipseLogger - skip non existing resourceDirectory D:\synechron_07_12_2020\Eclipse_WS\seleniumtraining\src\main\resources
2020-12-09 15:39:56,517 [Worker-408: Building workspace] INFO  o.e.m.c.i.embedder.EclipseLogger - Using 'UTF-8' encoding to copy filtered resources.
2020-12-09 15:39:56,518 [Worker-408: Building workspace] INFO  o.e.m.c.i.embedder.EclipseLogger - skip non existing resourceDirectory D:\synechron_07_12_2020\Eclipse_WS\seleniumtraining\src\test\resources
2020-12-09 15:40:11,217 [Worker-408: Building workspace] INFO  o.e.m.c.i.embedder.EclipseLogger - Using 'UTF-8' encoding to copy filtered resources.
2020-12-09 15:40:11,217 [Worker-408: Building workspace] INFO  o.e.m.c.i.embedder.EclipseLogger - skip non existing resourceDirectory D:\synechron_07_12_2020\Eclipse_WS\seleniumtraining\src\main\resources
2020-12-09 15:40:11,222 [Worker-408: Building workspace] INFO  o.e.m.c.i.embedder.EclipseLogger - Using 'UTF-8' encoding to copy filtered resources.
2020-12-09 15:40:11,223 [Worker-408: Building workspace] INFO  o.e.m.c.i.embedder.EclipseLogger - skip non existing resourceDirectory D:\synechron_07_12_2020\Eclipse_WS\seleniumtraining\src\test\resources
2020-12-09 15:42:55,577 [Worker-412: Building workspace] INFO  o.e.m.c.i.embedder.EclipseLogger - Using 'UTF-8' encoding to copy filtered resources.
2020-12-09 15:42:55,578 [Worker-412: Building workspace] INFO  o.e.m.c.i.embedder.EclipseLogger - skip non existing resourceDirectory D:\synechron_07_12_2020\Eclipse_WS\seleniumtraining\src\main\resources
2020-12-09 15:42:55,581 [Worker-412: Building workspace] INFO  o.e.m.c.i.embedder.EclipseLogger - Using 'UTF-8' encoding to copy filtered resources.
2020-12-09 15:42:55,582 [Worker-412: Building workspace] INFO  o.e.m.c.i.embedder.EclipseLogger - skip non existing resourceDirectory D:\synechron_07_12_2020\Eclipse_WS\seleniumtraining\src\test\resources
2020-12-09 15:43:36,692 [Worker-411: Building workspace] INFO  o.e.m.c.i.embedder.EclipseLogger - Using 'UTF-8' encoding to copy filtered resources.
2020-12-09 15:43:36,694 [Worker-411: Building workspace] INFO  o.e.m.c.i.embedder.EclipseLogger - skip non existing resourceDirectory D:\synechron_07_12_2020\Eclipse_WS\seleniumtraining\src\main\resources
2020-12-09 15:43:36,701 [Worker-411: Building workspace] INFO  o.e.m.c.i.embedder.EclipseLogger - Using 'UTF-8' encoding to copy filtered resources.
2020-12-09 15:43:36,701 [Worker-411: Building workspace] INFO  o.e.m.c.i.embedder.EclipseLogger - skip non existing resourceDirectory D:\synechron_07_12_2020\Eclipse_WS\seleniumtraining\src\test\resources
2020-12-09 15:44:16,202 [Worker-413: Building workspace] INFO  o.e.m.c.i.embedder.EclipseLogger - Using 'UTF-8' encoding to copy filtered resources.
2020-12-09 15:44:16,203 [Worker-413: Building workspace] INFO  o.e.m.c.i.embedder.EclipseLogger - skip non existing resourceDirectory D:\synechron_07_12_2020\Eclipse_WS\seleniumtraining\src\main\resources
2020-12-09 15:44:16,211 [Worker-413: Building workspace] INFO  o.e.m.c.i.embedder.EclipseLogger - Using 'UTF-8' encoding to copy filtered resources.
2020-12-09 15:44:16,212 [Worker-413: Building workspace] INFO  o.e.m.c.i.embedder.EclipseLogger - skip non existing resourceDirectory D:\synechron_07_12_2020\Eclipse_WS\seleniumtraining\src\test\resources
2020-12-09 15:45:12,573 [Worker-414: Building workspace] INFO  o.e.m.c.i.embedder.EclipseLogger - Using 'UTF-8' encoding to copy filtered resources.
2020-12-09 15:45:12,573 [Worker-414: Building workspace] INFO  o.e.m.c.i.embedder.EclipseLogger - skip non existing resourceDirectory D:\synechron_07_12_2020\Eclipse_WS\seleniumtraining\src\main\resources
2020-12-09 15:45:12,577 [Worker-414: Building workspace] INFO  o.e.m.c.i.embedder.EclipseLogger - Using 'UTF-8' encoding to copy filtered resources.
2020-12-09 15:45:12,577 [Worker-414: Building workspace] INFO  o.e.m.c.i.embedder.EclipseLogger - skip non existing resourceDirectory D:\synechron_07_12_2020\Eclipse_WS\seleniumtraining\src\test\resources
2020-12-09 16:01:45,728 [Worker-419: Rebuilding] INFO  o.e.m.c.i.embedder.EclipseLogger - Using 'UTF-8' encoding to copy filtered resources.
2020-12-09 16:01:45,729 [Worker-419: Rebuilding] INFO  o.e.m.c.i.embedder.EclipseLogger - skip non existing resourceDirectory D:\synechron_07_12_2020\Eclipse_WS\seleniumtraining\src\main\resources
2020-12-09 16:01:45,732 [Worker-419: Rebuilding] INFO  o.e.m.c.i.embedder.EclipseLogger - Using 'UTF-8' encoding to copy filtered resources.
2020-12-09 16:01:45,732 [Worker-419: Rebuilding] INFO  o.e.m.c.i.embedder.EclipseLogger - skip non existing resourceDirectory D:\synechron_07_12_2020\Eclipse_WS\seleniumtraining\src\test\resources
2020-12-09 16:01:46,956 [Worker-420: Building workspace] INFO  o.e.m.c.i.embedder.EclipseLogger - Using 'UTF-8' encoding to copy filtered resources.
2020-12-09 16:01:46,956 [Worker-420: Building workspace] INFO  o.e.m.c.i.embedder.EclipseLogger - skip non existing resourceDirectory D:\synechron_07_12_2020\Eclipse_WS\seleniumtraining\src\main\resources
2020-12-09 16:01:46,959 [Worker-420: Building workspace] INFO  o.e.m.c.i.embedder.EclipseLogger - Using 'UTF-8' encoding to copy filtered resources.
2020-12-09 16:01:46,959 [Worker-420: Building workspace] INFO  o.e.m.c.i.embedder.EclipseLogger - skip non existing resourceDirectory D:\synechron_07_12_2020\Eclipse_WS\seleniumtraining\src\test\resources
2020-12-09 16:07:11,254 [Worker-427: Building workspace] INFO  o.e.m.c.i.embedder.EclipseLogger - Using 'UTF-8' encoding to copy filtered resources.
2020-12-09 16:07:11,255 [Worker-427: Building workspace] INFO  o.e.m.c.i.embedder.EclipseLogger - skip non existing resourceDirectory D:\synechron_07_12_2020\Eclipse_WS\seleniumtraining\src\main\resources
2020-12-09 16:07:11,257 [Worker-427: Building workspace] INFO  o.e.m.c.i.embedder.EclipseLogger - Using 'UTF-8' encoding to copy filtered resources.
2020-12-09 16:07:11,258 [Worker-427: Building workspace] INFO  o.e.m.c.i.embedder.EclipseLogger - skip non existing resourceDirectory D:\synechron_07_12_2020\Eclipse_WS\seleniumtraining\src\test\resources
2020-12-09 16:09:46,328 [Worker-425: Building workspace] INFO  o.e.m.c.i.embedder.EclipseLogger - Using 'UTF-8' encoding to copy filtered resources.
2020-12-09 16:09:46,328 [Worker-425: Building workspace] INFO  o.e.m.c.i.embedder.EclipseLogger - skip non existing resourceDirectory D:\synechron_07_12_2020\Eclipse_WS\seleniumtraining\src\main\resources
2020-12-09 16:09:46,331 [Worker-425: Building workspace] INFO  o.e.m.c.i.embedder.EclipseLogger - Using 'UTF-8' encoding to copy filtered resources.
2020-12-09 16:09:46,332 [Worker-425: Building workspace] INFO  o.e.m.c.i.embedder.EclipseLogger - skip non existing resourceDirectory D:\synechron_07_12_2020\Eclipse_WS\seleniumtraining\src\test\resources
2020-12-09 16:10:51,356 [Worker-420: Building workspace] INFO  o.e.m.c.i.embedder.EclipseLogger - Using 'UTF-8' encoding to copy filtered resources.
2020-12-09 16:10:51,356 [Worker-420: Building workspace] INFO  o.e.m.c.i.embedder.EclipseLogger - skip non existing resourceDirectory D:\synechron_07_12_2020\Eclipse_WS\seleniumtraining\src\main\resources
2020-12-09 16:10:51,359 [Worker-420: Building workspace] INFO  o.e.m.c.i.embedder.EclipseLogger - Using 'UTF-8' encoding to copy filtered resources.
2020-12-09 16:10:51,359 [Worker-420: Building workspace] INFO  o.e.m.c.i.embedder.EclipseLogger - skip non existing resourceDirectory D:\synechron_07_12_2020\Eclipse_WS\seleniumtraining\src\test\resources
2020-12-09 16:11:05,003 [Worker-426: Building workspace] INFO  o.e.m.c.i.embedder.EclipseLogger - Using 'UTF-8' encoding to copy filtered resources.
2020-12-09 16:11:05,003 [Worker-426: Building workspace] INFO  o.e.m.c.i.embedder.EclipseLogger - skip non existing resourceDirectory D:\synechron_07_12_2020\Eclipse_WS\seleniumtraining\src\main\resources
2020-12-09 16:11:05,010 [Worker-426: Building workspace] INFO  o.e.m.c.i.embedder.EclipseLogger - Using 'UTF-8' encoding to copy filtered resources.
2020-12-09 16:11:05,010 [Worker-426: Building workspace] INFO  o.e.m.c.i.embedder.EclipseLogger - skip non existing resourceDirectory D:\synechron_07_12_2020\Eclipse_WS\seleniumtraining\src\test\resources
2020-12-09 16:14:56,514 [Worker-428: Building workspace] INFO  o.e.m.c.i.embedder.EclipseLogger - Using 'UTF-8' encoding to copy filtered resources.
2020-12-09 16:14:56,515 [Worker-428: Building workspace] INFO  o.e.m.c.i.embedder.EclipseLogger - skip non existing resourceDirectory D:\synechron_07_12_2020\Eclipse_WS\seleniumtraining\src\main\resources
2020-12-09 16:14:56,529 [Worker-428: Building workspace] INFO  o.e.m.c.i.embedder.EclipseLogger - Using 'UTF-8' encoding to copy filtered resources.
2020-12-09 16:14:56,529 [Worker-428: Building workspace] INFO  o.e.m.c.i.embedder.EclipseLogger - skip non existing resourceDirectory D:\synechron_07_12_2020\Eclipse_WS\seleniumtraining\src\test\resources
2020-12-09 16:16:02,308 [Worker-425: Building workspace] INFO  o.e.m.c.i.embedder.EclipseLogger - Using 'UTF-8' encoding to copy filtered resources.
2020-12-09 16:16:02,308 [Worker-425: Building workspace] INFO  o.e.m.c.i.embedder.EclipseLogger - skip non existing resourceDirectory D:\synechron_07_12_2020\Eclipse_WS\seleniumtraining\src\main\resources
2020-12-09 16:16:02,312 [Worker-425: Building workspace] INFO  o.e.m.c.i.embedder.EclipseLogger - Using 'UTF-8' encoding to copy filtered resources.
2020-12-09 16:16:02,317 [Worker-425: Building workspace] INFO  o.e.m.c.i.embedder.EclipseLogger - skip non existing resourceDirectory D:\synechron_07_12_2020\Eclipse_WS\seleniumtraining\src\test\resources
2020-12-09 16:17:25,831 [Worker-428: Building workspace] INFO  o.e.m.c.i.embedder.EclipseLogger - Using 'UTF-8' encoding to copy filtered resources.
2020-12-09 16:17:25,832 [Worker-428: Building workspace] INFO  o.e.m.c.i.embedder.EclipseLogger - skip non existing resourceDirectory D:\synechron_07_12_2020\Eclipse_WS\seleniumtraining\src\main\resources
2020-12-09 16:17:25,834 [Worker-428: Building workspace] INFO  o.e.m.c.i.embedder.EclipseLogger - Using 'UTF-8' encoding to copy filtered resources.
2020-12-09 16:17:25,835 [Worker-428: Building workspace] INFO  o.e.m.c.i.embedder.EclipseLogger - skip non existing resourceDirectory D:\synechron_07_12_2020\Eclipse_WS\seleniumtraining\src\test\resources
2020-12-09 16:30:59,058 [Worker-429: Building workspace] INFO  o.e.m.c.i.embedder.EclipseLogger - Using 'UTF-8' encoding to copy filtered resources.
2020-12-09 16:30:59,060 [Worker-429: Building workspace] INFO  o.e.m.c.i.embedder.EclipseLogger - skip non existing resourceDirectory D:\synechron_07_12_2020\Eclipse_WS\seleniumtraining\src\main\resources
2020-12-09 16:30:59,072 [Worker-429: Building workspace] INFO  o.e.m.c.i.embedder.EclipseLogger - Using 'UTF-8' encoding to copy filtered resources.
2020-12-09 16:30:59,073 [Worker-429: Building workspace] INFO  o.e.m.c.i.embedder.EclipseLogger - skip non existing resourceDirectory D:\synechron_07_12_2020\Eclipse_WS\seleniumtraining\src\test\resources
2020-12-09 16:31:22,175 [Worker-430: Building workspace] INFO  o.e.m.c.i.embedder.EclipseLogger - Using 'UTF-8' encoding to copy filtered resources.
2020-12-09 16:31:22,176 [Worker-430: Building workspace] INFO  o.e.m.c.i.embedder.EclipseLogger - skip non existing resourceDirectory D:\synechron_07_12_2020\Eclipse_WS\seleniumtraining\src\main\resources
2020-12-09 16:31:22,179 [Worker-430: Building workspace] INFO  o.e.m.c.i.embedder.EclipseLogger - Using 'UTF-8' encoding to copy filtered resources.
2020-12-09 16:31:22,179 [Worker-430: Building workspace] INFO  o.e.m.c.i.embedder.EclipseLogger - skip non existing resourceDirectory D:\synechron_07_12_2020\Eclipse_WS\seleniumtraining\src\test\resources
2020-12-09 16:33:35,689 [Worker-433: Building workspace] INFO  o.e.m.c.i.embedder.EclipseLogger - Using 'UTF-8' encoding to copy filtered resources.
2020-12-09 16:33:35,689 [Worker-433: Building workspace] INFO  o.e.m.c.i.embedder.EclipseLogger - skip non existing resourceDirectory D:\synechron_07_12_2020\Eclipse_WS\seleniumtraining\src\main\resources
2020-12-09 16:33:35,695 [Worker-433: Building workspace] INFO  o.e.m.c.i.embedder.EclipseLogger - Using 'UTF-8' encoding to copy filtered resources.
2020-12-09 16:33:35,695 [Worker-433: Building workspace] INFO  o.e.m.c.i.embedder.EclipseLogger - skip non existing resourceDirectory D:\synechron_07_12_2020\Eclipse_WS\seleniumtraining\src\test\resources
2020-12-09 16:33:44,654 [Worker-428: Building workspace] INFO  o.e.m.c.i.embedder.EclipseLogger - Using 'UTF-8' encoding to copy filtered resources.
2020-12-09 16:33:44,655 [Worker-428: Building workspace] INFO  o.e.m.c.i.embedder.EclipseLogger - skip non existing resourceDirectory D:\synechron_07_12_2020\Eclipse_WS\seleniumtraining\src\main\resources
2020-12-09 16:33:44,658 [Worker-428: Building workspace] INFO  o.e.m.c.i.embedder.EclipseLogger - Using 'UTF-8' encoding to copy filtered resources.
2020-12-09 16:33:44,659 [Worker-428: Building workspace] INFO  o.e.m.c.i.embedder.EclipseLogger - skip non existing resourceDirectory D:\synechron_07_12_2020\Eclipse_WS\seleniumtraining\src\test\resources
2020-12-09 16:34:38,938 [Worker-428: Building workspace] INFO  o.e.m.c.i.embedder.EclipseLogger - Using 'UTF-8' encoding to copy filtered resources.
2020-12-09 16:34:38,939 [Worker-428: Building workspace] INFO  o.e.m.c.i.embedder.EclipseLogger - skip non existing resourceDirectory D:\synechron_07_12_2020\Eclipse_WS\seleniumtraining\src\main\resources
2020-12-09 16:34:38,941 [Worker-428: Building workspace] INFO  o.e.m.c.i.embedder.EclipseLogger - Using 'UTF-8' encoding to copy filtered resources.
2020-12-09 16:34:38,942 [Worker-428: Building workspace] INFO  o.e.m.c.i.embedder.EclipseLogger - skip non existing resourceDirectory D:\synechron_07_12_2020\Eclipse_WS\seleniumtraining\src\test\resources
2020-12-09 16:36:37,072 [Worker-436: Building workspace] INFO  o.e.m.c.i.embedder.EclipseLogger - Using 'UTF-8' encoding to copy filtered resources.
2020-12-09 16:36:37,073 [Worker-436: Building workspace] INFO  o.e.m.c.i.embedder.EclipseLogger - skip non existing resourceDirectory D:\synechron_07_12_2020\Eclipse_WS\seleniumtraining\src\main\resources
2020-12-09 16:36:37,075 [Worker-436: Building workspace] INFO  o.e.m.c.i.embedder.EclipseLogger - Using 'UTF-8' encoding to copy filtered resources.
2020-12-09 16:36:37,077 [Worker-436: Building workspace] INFO  o.e.m.c.i.embedder.EclipseLogger - skip non existing resourceDirectory D:\synechron_07_12_2020\Eclipse_WS\seleniumtraining\src\test\resources
2020-12-09 16:37:33,300 [Worker-438: Building workspace] INFO  o.e.m.c.i.embedder.EclipseLogger - Using 'UTF-8' encoding to copy filtered resources.
2020-12-09 16:37:33,300 [Worker-438: Building workspace] INFO  o.e.m.c.i.embedder.EclipseLogger - skip non existing resourceDirectory D:\synechron_07_12_2020\Eclipse_WS\seleniumtraining\src\main\resources
2020-12-09 16:37:33,302 [Worker-438: Building workspace] INFO  o.e.m.c.i.embedder.EclipseLogger - Using 'UTF-8' encoding to copy filtered resources.
2020-12-09 16:37:33,302 [Worker-438: Building workspace] INFO  o.e.m.c.i.embedder.EclipseLogger - skip non existing resourceDirectory D:\synechron_07_12_2020\Eclipse_WS\seleniumtraining\src\test\resources
2020-12-09 16:38:47,230 [Worker-434: Building workspace] INFO  o.e.m.c.i.embedder.EclipseLogger - Using 'UTF-8' encoding to copy filtered resources.
2020-12-09 16:38:47,230 [Worker-434: Building workspace] INFO  o.e.m.c.i.embedder.EclipseLogger - skip non existing resourceDirectory D:\synechron_07_12_2020\Eclipse_WS\seleniumtraining\src\main\resources
2020-12-09 16:38:47,232 [Worker-434: Building workspace] INFO  o.e.m.c.i.embedder.EclipseLogger - Using 'UTF-8' encoding to copy filtered resources.
2020-12-09 16:38:47,233 [Worker-434: Building workspace] INFO  o.e.m.c.i.embedder.EclipseLogger - skip non existing resourceDirectory D:\synechron_07_12_2020\Eclipse_WS\seleniumtraining\src\test\resources
2020-12-09 16:40:49,922 [Worker-443: Building workspace] INFO  o.e.m.c.i.embedder.EclipseLogger - Using 'UTF-8' encoding to copy filtered resources.
2020-12-09 16:40:49,923 [Worker-443: Building workspace] INFO  o.e.m.c.i.embedder.EclipseLogger - skip non existing resourceDirectory D:\synechron_07_12_2020\Eclipse_WS\seleniumtraining\src\main\resources
2020-12-09 16:40:49,925 [Worker-443: Building workspace] INFO  o.e.m.c.i.embedder.EclipseLogger - Using 'UTF-8' encoding to copy filtered resources.
2020-12-09 16:40:49,925 [Worker-443: Building workspace] INFO  o.e.m.c.i.embedder.EclipseLogger - skip non existing resourceDirectory D:\synechron_07_12_2020\Eclipse_WS\seleniumtraining\src\test\resources
2020-12-09 16:40:54,432 [Worker-443: Building workspace] INFO  o.e.m.c.i.embedder.EclipseLogger - Using 'UTF-8' encoding to copy filtered resources.
2020-12-09 16:40:54,433 [Worker-443: Building workspace] INFO  o.e.m.c.i.embedder.EclipseLogger - skip non existing resourceDirectory D:\synechron_07_12_2020\Eclipse_WS\seleniumtraining\src\main\resources
2020-12-09 16:40:54,436 [Worker-443: Building workspace] INFO  o.e.m.c.i.embedder.EclipseLogger - Using 'UTF-8' encoding to copy filtered resources.
2020-12-09 16:40:54,436 [Worker-443: Building workspace] INFO  o.e.m.c.i.embedder.EclipseLogger - skip non existing resourceDirectory D:\synechron_07_12_2020\Eclipse_WS\seleniumtraining\src\test\resources
2020-12-09 16:41:47,102 [Worker-441: Building workspace] INFO  o.e.m.c.i.embedder.EclipseLogger - Using 'UTF-8' encoding to copy filtered resources.
2020-12-09 16:41:47,103 [Worker-441: Building workspace] INFO  o.e.m.c.i.embedder.EclipseLogger - skip non existing resourceDirectory D:\synechron_07_12_2020\Eclipse_WS\seleniumtraining\src\main\resources
2020-12-09 16:41:47,104 [Worker-441: Building workspace] INFO  o.e.m.c.i.embedder.EclipseLogger - Using 'UTF-8' encoding to copy filtered resources.
2020-12-09 16:41:47,105 [Worker-441: Building workspace] INFO  o.e.m.c.i.embedder.EclipseLogger - skip non existing resourceDirectory D:\synechron_07_12_2020\Eclipse_WS\seleniumtraining\src\test\resources
2020-12-09 16:41:54,139 [Worker-442: Building workspace] INFO  o.e.m.c.i.embedder.EclipseLogger - Using 'UTF-8' encoding to copy filtered resources.
2020-12-09 16:41:54,139 [Worker-442: Building workspace] INFO  o.e.m.c.i.embedder.EclipseLogger - skip non existing resourceDirectory D:\synechron_07_12_2020\Eclipse_WS\seleniumtraining\src\main\resources
2020-12-09 16:41:54,141 [Worker-442: Building workspace] INFO  o.e.m.c.i.embedder.EclipseLogger - Using 'UTF-8' encoding to copy filtered resources.
2020-12-09 16:41:54,142 [Worker-442: Building workspace] INFO  o.e.m.c.i.embedder.EclipseLogger - skip non existing resourceDirectory D:\synechron_07_12_2020\Eclipse_WS\seleniumtraining\src\test\resources
2020-12-09 16:42:33,845 [Worker-442: Building workspace] INFO  o.e.m.c.i.embedder.EclipseLogger - Using 'UTF-8' encoding to copy filtered resources.
2020-12-09 16:42:33,845 [Worker-442: Building workspace] INFO  o.e.m.c.i.embedder.EclipseLogger - skip non existing resourceDirectory D:\synechron_07_12_2020\Eclipse_WS\seleniumtraining\src\main\resources
2020-12-09 16:42:33,848 [Worker-442: Building workspace] INFO  o.e.m.c.i.embedder.EclipseLogger - Using 'UTF-8' encoding to copy filtered resources.
2020-12-09 16:42:33,848 [Worker-442: Building workspace] INFO  o.e.m.c.i.embedder.EclipseLogger - skip non existing resourceDirectory D:\synechron_07_12_2020\Eclipse_WS\seleniumtraining\src\test\resources
2020-12-09 16:47:44,731 [Worker-444: Building workspace] INFO  o.e.m.c.i.embedder.EclipseLogger - Using 'UTF-8' encoding to copy filtered resources.
2020-12-09 16:47:44,731 [Worker-444: Building workspace] INFO  o.e.m.c.i.embedder.EclipseLogger - skip non existing resourceDirectory D:\synechron_07_12_2020\Eclipse_WS\seleniumtraining\src\main\resources
2020-12-09 16:47:44,737 [Worker-444: Building workspace] INFO  o.e.m.c.i.embedder.EclipseLogger - Using 'UTF-8' encoding to copy filtered resources.
2020-12-09 16:47:44,738 [Worker-444: Building workspace] INFO  o.e.m.c.i.embedder.EclipseLogger - skip non existing resourceDirectory D:\synechron_07_12_2020\Eclipse_WS\seleniumtraining\src\test\resources
2020-12-09 16:47:51,700 [Worker-446: Building workspace] INFO  o.e.m.c.i.embedder.EclipseLogger - Using 'UTF-8' encoding to copy filtered resources.
2020-12-09 16:47:51,701 [Worker-446: Building workspace] INFO  o.e.m.c.i.embedder.EclipseLogger - skip non existing resourceDirectory D:\synechron_07_12_2020\Eclipse_WS\seleniumtraining\src\main\resources
2020-12-09 16:47:51,703 [Worker-446: Building workspace] INFO  o.e.m.c.i.embedder.EclipseLogger - Using 'UTF-8' encoding to copy filtered resources.
2020-12-09 16:47:51,704 [Worker-446: Building workspace] INFO  o.e.m.c.i.embedder.EclipseLogger - skip non existing resourceDirectory D:\synechron_07_12_2020\Eclipse_WS\seleniumtraining\src\test\resources
2020-12-09 16:49:41,020 [Worker-444: Building workspace] INFO  o.e.m.c.i.embedder.EclipseLogger - Using 'UTF-8' encoding to copy filtered resources.
2020-12-09 16:49:41,020 [Worker-444: Building workspace] INFO  o.e.m.c.i.embedder.EclipseLogger - skip non existing resourceDirectory D:\synechron_07_12_2020\Eclipse_WS\seleniumtraining\src\main\resources
2020-12-09 16:49:41,023 [Worker-444: Building workspace] INFO  o.e.m.c.i.embedder.EclipseLogger - Using 'UTF-8' encoding to copy filtered resources.
2020-12-09 16:49:41,024 [Worker-444: Building workspace] INFO  o.e.m.c.i.embedder.EclipseLogger - skip non existing resourceDirectory D:\synechron_07_12_2020\Eclipse_WS\seleniumtraining\src\test\resources
2020-12-09 16:51:22,242 [Worker-447: Building workspace] INFO  o.e.m.c.i.embedder.EclipseLogger - Using 'UTF-8' encoding to copy filtered resources.
2020-12-09 16:51:22,243 [Worker-447: Building workspace] INFO  o.e.m.c.i.embedder.EclipseLogger - skip non existing resourceDirectory D:\synechron_07_12_2020\Eclipse_WS\seleniumtraining\src\main\resources
2020-12-09 16:51:22,245 [Worker-447: Building workspace] INFO  o.e.m.c.i.embedder.EclipseLogger - Using 'UTF-8' encoding to copy filtered resources.
2020-12-09 16:51:22,246 [Worker-447: Building workspace] INFO  o.e.m.c.i.embedder.EclipseLogger - skip non existing resourceDirectory D:\synechron_07_12_2020\Eclipse_WS\seleniumtraining\src\test\resources
2020-12-09 16:52:54,848 [Worker-444: Building workspace] INFO  o.e.m.c.i.embedder.EclipseLogger - Using 'UTF-8' encoding to copy filtered resources.
2020-12-09 16:52:54,848 [Worker-444: Building workspace] INFO  o.e.m.c.i.embedder.EclipseLogger - skip non existing resourceDirectory D:\synechron_07_12_2020\Eclipse_WS\seleniumtraining\src\main\resources
2020-12-09 16:52:54,850 [Worker-444: Building workspace] INFO  o.e.m.c.i.embedder.EclipseLogger - Using 'UTF-8' encoding to copy filtered resources.
2020-12-09 16:52:54,851 [Worker-444: Building workspace] INFO  o.e.m.c.i.embedder.EclipseLogger - skip non existing resourceDirectory D:\synechron_07_12_2020\Eclipse_WS\seleniumtraining\src\test\resources
2020-12-09 16:53:21,866 [Worker-449: Building workspace] INFO  o.e.m.c.i.embedder.EclipseLogger - Using 'UTF-8' encoding to copy filtered resources.
2020-12-09 16:53:21,866 [Worker-449: Building workspace] INFO  o.e.m.c.i.embedder.EclipseLogger - skip non existing resourceDirectory D:\synechron_07_12_2020\Eclipse_WS\seleniumtraining\src\main\resources
2020-12-09 16:53:21,868 [Worker-449: Building workspace] INFO  o.e.m.c.i.embedder.EclipseLogger - Using 'UTF-8' encoding to copy filtered resources.
2020-12-09 16:53:21,868 [Worker-449: Building workspace] INFO  o.e.m.c.i.embedder.EclipseLogger - skip non existing resourceDirectory D:\synechron_07_12_2020\Eclipse_WS\seleniumtraining\src\test\resources
2020-12-09 17:03:48,749 [Worker-453: Building workspace] INFO  o.e.m.c.i.embedder.EclipseLogger - Using 'UTF-8' encoding to copy filtered resources.
2020-12-09 17:03:48,750 [Worker-453: Building workspace] INFO  o.e.m.c.i.embedder.EclipseLogger - skip non existing resourceDirectory D:\synechron_07_12_2020\Eclipse_WS\seleniumtraining\src\main\resources
2020-12-09 17:03:48,752 [Worker-453: Building workspace] INFO  o.e.m.c.i.embedder.EclipseLogger - Using 'UTF-8' encoding to copy filtered resources.
2020-12-09 17:03:48,752 [Worker-453: Building workspace] INFO  o.e.m.c.i.embedder.EclipseLogger - skip non existing resourceDirectory D:\synechron_07_12_2020\Eclipse_WS\seleniumtraining\src\test\resources
2020-12-10 09:40:48,410 [Worker-459: Building workspace] INFO  o.e.m.c.i.embedder.EclipseLogger - Using 'UTF-8' encoding to copy filtered resources.
2020-12-10 09:40:48,414 [Worker-459: Building workspace] INFO  o.e.m.c.i.embedder.EclipseLogger - skip non existing resourceDirectory D:\synechron_07_12_2020\Eclipse_WS\seleniumtraining\src\main\resources
2020-12-10 09:40:48,419 [Worker-459: Building workspace] INFO  o.e.m.c.i.embedder.EclipseLogger - Using 'UTF-8' encoding to copy filtered resources.
2020-12-10 09:40:48,420 [Worker-459: Building workspace] INFO  o.e.m.c.i.embedder.EclipseLogger - skip non existing resourceDirectory D:\synechron_07_12_2020\Eclipse_WS\seleniumtraining\src\test\resources
2020-12-10 09:42:27,773 [Worker-464: Building workspace] INFO  o.e.m.c.i.embedder.EclipseLogger - Using 'UTF-8' encoding to copy filtered resources.
2020-12-10 09:42:27,774 [Worker-464: Building workspace] INFO  o.e.m.c.i.embedder.EclipseLogger - skip non existing resourceDirectory D:\synechron_07_12_2020\Eclipse_WS\seleniumtraining\src\main\resources
2020-12-10 09:42:27,777 [Worker-464: Building workspace] INFO  o.e.m.c.i.embedder.EclipseLogger - Using 'UTF-8' encoding to copy filtered resources.
2020-12-10 09:42:27,778 [Worker-464: Building workspace] INFO  o.e.m.c.i.embedder.EclipseLogger - skip non existing resourceDirectory D:\synechron_07_12_2020\Eclipse_WS\seleniumtraining\src\test\resources
2020-12-10 09:49:42,091 [Worker-467: Building workspace] INFO  o.e.m.c.i.embedder.EclipseLogger - Using 'UTF-8' encoding to copy filtered resources.
2020-12-10 09:49:42,092 [Worker-467: Building workspace] INFO  o.e.m.c.i.embedder.EclipseLogger - skip non existing resourceDirectory D:\synechron_07_12_2020\Eclipse_WS\seleniumtraining\src\main\resources
2020-12-10 09:49:42,096 [Worker-467: Building workspace] INFO  o.e.m.c.i.embedder.EclipseLogger - Using 'UTF-8' encoding to copy filtered resources.
2020-12-10 09:49:42,096 [Worker-467: Building workspace] INFO  o.e.m.c.i.embedder.EclipseLogger - skip non existing resourceDirectory D:\synechron_07_12_2020\Eclipse_WS\seleniumtraining\src\test\resources
2020-12-10 09:49:55,942 [Worker-463: Building workspace] INFO  o.e.m.c.i.embedder.EclipseLogger - Using 'UTF-8' encoding to copy filtered resources.
2020-12-10 09:49:55,942 [Worker-463: Building workspace] INFO  o.e.m.c.i.embedder.EclipseLogger - skip non existing resourceDirectory D:\synechron_07_12_2020\Eclipse_WS\seleniumtraining\src\main\resources
2020-12-10 09:49:55,945 [Worker-463: Building workspace] INFO  o.e.m.c.i.embedder.EclipseLogger - Using 'UTF-8' encoding to copy filtered resources.
2020-12-10 09:49:55,946 [Worker-463: Building workspace] INFO  o.e.m.c.i.embedder.EclipseLogger - skip non existing resourceDirectory D:\synechron_07_12_2020\Eclipse_WS\seleniumtraining\src\test\resources
2020-12-10 09:50:10,570 [Worker-467: Building workspace] INFO  o.e.m.c.i.embedder.EclipseLogger - Using 'UTF-8' encoding to copy filtered resources.
2020-12-10 09:50:10,571 [Worker-467: Building workspace] INFO  o.e.m.c.i.embedder.EclipseLogger - skip non existing resourceDirectory D:\synechron_07_12_2020\Eclipse_WS\seleniumtraining\src\main\resources
2020-12-10 09:50:10,573 [Worker-467: Building workspace] INFO  o.e.m.c.i.embedder.EclipseLogger - Using 'UTF-8' encoding to copy filtered resources.
2020-12-10 09:50:10,573 [Worker-467: Building workspace] INFO  o.e.m.c.i.embedder.EclipseLogger - skip non existing resourceDirectory D:\synechron_07_12_2020\Eclipse_WS\seleniumtraining\src\test\resources
2020-12-10 09:50:20,806 [Worker-470: Building workspace] INFO  o.e.m.c.i.embedder.EclipseLogger - Using 'UTF-8' encoding to copy filtered resources.
2020-12-10 09:50:20,807 [Worker-470: Building workspace] INFO  o.e.m.c.i.embedder.EclipseLogger - skip non existing resourceDirectory D:\synechron_07_12_2020\Eclipse_WS\seleniumtraining\src\main\resources
2020-12-10 09:50:20,810 [Worker-470: Building workspace] INFO  o.e.m.c.i.embedder.EclipseLogger - Using 'UTF-8' encoding to copy filtered resources.
2020-12-10 09:50:20,811 [Worker-470: Building workspace] INFO  o.e.m.c.i.embedder.EclipseLogger - skip non existing resourceDirectory D:\synechron_07_12_2020\Eclipse_WS\seleniumtraining\src\test\resources
2020-12-10 09:50:34,131 [Worker-463: Building workspace] INFO  o.e.m.c.i.embedder.EclipseLogger - Using 'UTF-8' encoding to copy filtered resources.
2020-12-10 09:50:34,131 [Worker-463: Building workspace] INFO  o.e.m.c.i.embedder.EclipseLogger - skip non existing resourceDirectory D:\synechron_07_12_2020\Eclipse_WS\seleniumtraining\src\main\resources
2020-12-10 09:50:34,133 [Worker-463: Building workspace] INFO  o.e.m.c.i.embedder.EclipseLogger - Using 'UTF-8' encoding to copy filtered resources.
2020-12-10 09:50:34,133 [Worker-463: Building workspace] INFO  o.e.m.c.i.embedder.EclipseLogger - skip non existing resourceDirectory D:\synechron_07_12_2020\Eclipse_WS\seleniumtraining\src\test\resources
2020-12-10 09:52:55,592 [Worker-471: Building workspace] INFO  o.e.m.c.i.embedder.EclipseLogger - Using 'UTF-8' encoding to copy filtered resources.
2020-12-10 09:52:55,592 [Worker-471: Building workspace] INFO  o.e.m.c.i.embedder.EclipseLogger - skip non existing resourceDirectory D:\synechron_07_12_2020\Eclipse_WS\seleniumtraining\src\main\resources
2020-12-10 09:52:55,595 [Worker-471: Building workspace] INFO  o.e.m.c.i.embedder.EclipseLogger - Using 'UTF-8' encoding to copy filtered resources.
2020-12-10 09:52:55,595 [Worker-471: Building workspace] INFO  o.e.m.c.i.embedder.EclipseLogger - skip non existing resourceDirectory D:\synechron_07_12_2020\Eclipse_WS\seleniumtraining\src\test\resources
2020-12-10 09:53:04,819 [Worker-459: Building workspace] INFO  o.e.m.c.i.embedder.EclipseLogger - Using 'UTF-8' encoding to copy filtered resources.
2020-12-10 09:53:04,820 [Worker-459: Building workspace] INFO  o.e.m.c.i.embedder.EclipseLogger - skip non existing resourceDirectory D:\synechron_07_12_2020\Eclipse_WS\seleniumtraining\src\main\resources
2020-12-10 09:53:04,824 [Worker-459: Building workspace] INFO  o.e.m.c.i.embedder.EclipseLogger - Using 'UTF-8' encoding to copy filtered resources.
2020-12-10 09:53:04,825 [Worker-459: Building workspace] INFO  o.e.m.c.i.embedder.EclipseLogger - skip non existing resourceDirectory D:\synechron_07_12_2020\Eclipse_WS\seleniumtraining\src\test\resources
2020-12-10 09:54:09,622 [Worker-470: Building workspace] INFO  o.e.m.c.i.embedder.EclipseLogger - Using 'UTF-8' encoding to copy filtered resources.
2020-12-10 09:54:09,622 [Worker-470: Building workspace] INFO  o.e.m.c.i.embedder.EclipseLogger - skip non existing resourceDirectory D:\synechron_07_12_2020\Eclipse_WS\seleniumtraining\src\main\resources
2020-12-10 09:54:09,625 [Worker-470: Building workspace] INFO  o.e.m.c.i.embedder.EclipseLogger - Using 'UTF-8' encoding to copy filtered resources.
2020-12-10 09:54:09,625 [Worker-470: Building workspace] INFO  o.e.m.c.i.embedder.EclipseLogger - skip non existing resourceDirectory D:\synechron_07_12_2020\Eclipse_WS\seleniumtraining\src\test\resources
2020-12-10 09:54:37,032 [Worker-463: Building workspace] INFO  o.e.m.c.i.embedder.EclipseLogger - Using 'UTF-8' encoding to copy filtered resources.
2020-12-10 09:54:37,033 [Worker-463: Building workspace] INFO  o.e.m.c.i.embedder.EclipseLogger - skip non existing resourceDirectory D:\synechron_07_12_2020\Eclipse_WS\seleniumtraining\src\main\resources
2020-12-10 09:54:37,034 [Worker-463: Building workspace] INFO  o.e.m.c.i.embedder.EclipseLogger - Using 'UTF-8' encoding to copy filtered resources.
2020-12-10 09:54:37,035 [Worker-463: Building workspace] INFO  o.e.m.c.i.embedder.EclipseLogger - skip non existing resourceDirectory D:\synechron_07_12_2020\Eclipse_WS\seleniumtraining\src\test\resources
2020-12-10 09:55:22,277 [Worker-471: Building workspace] INFO  o.e.m.c.i.embedder.EclipseLogger - Using 'UTF-8' encoding to copy filtered resources.
2020-12-10 09:55:22,277 [Worker-471: Building workspace] INFO  o.e.m.c.i.embedder.EclipseLogger - skip non existing resourceDirectory D:\synechron_07_12_2020\Eclipse_WS\seleniumtraining\src\main\resources
2020-12-10 09:55:22,280 [Worker-471: Building workspace] INFO  o.e.m.c.i.embedder.EclipseLogger - Using 'UTF-8' encoding to copy filtered resources.
2020-12-10 09:55:22,280 [Worker-471: Building workspace] INFO  o.e.m.c.i.embedder.EclipseLogger - skip non existing resourceDirectory D:\synechron_07_12_2020\Eclipse_WS\seleniumtraining\src\test\resources
2020-12-10 09:56:32,223 [Worker-471: Building workspace] INFO  o.e.m.c.i.embedder.EclipseLogger - Using 'UTF-8' encoding to copy filtered resources.
2020-12-10 09:56:32,224 [Worker-471: Building workspace] INFO  o.e.m.c.i.embedder.EclipseLogger - skip non existing resourceDirectory D:\synechron_07_12_2020\Eclipse_WS\seleniumtraining\src\main\resources
2020-12-10 09:56:32,226 [Worker-471: Building workspace] INFO  o.e.m.c.i.embedder.EclipseLogger - Using 'UTF-8' encoding to copy filtered resources.
2020-12-10 09:56:32,227 [Worker-471: Building workspace] INFO  o.e.m.c.i.embedder.EclipseLogger - skip non existing resourceDirectory D:\synechron_07_12_2020\Eclipse_WS\seleniumtraining\src\test\resources
2020-12-10 09:58:03,164 [Worker-472: Building workspace] INFO  o.e.m.c.i.embedder.EclipseLogger - Using 'UTF-8' encoding to copy filtered resources.
2020-12-10 09:58:03,164 [Worker-472: Building workspace] INFO  o.e.m.c.i.embedder.EclipseLogger - skip non existing resourceDirectory D:\synechron_07_12_2020\Eclipse_WS\seleniumtraining\src\main\resources
2020-12-10 09:58:03,166 [Worker-472: Building workspace] INFO  o.e.m.c.i.embedder.EclipseLogger - Using 'UTF-8' encoding to copy filtered resources.
2020-12-10 09:58:03,167 [Worker-472: Building workspace] INFO  o.e.m.c.i.embedder.EclipseLogger - skip non existing resourceDirectory D:\synechron_07_12_2020\Eclipse_WS\seleniumtraining\src\test\resources
2020-12-10 09:58:47,016 [Worker-467: Building workspace] INFO  o.e.m.c.i.embedder.EclipseLogger - Using 'UTF-8' encoding to copy filtered resources.
2020-12-10 09:58:47,016 [Worker-467: Building workspace] INFO  o.e.m.c.i.embedder.EclipseLogger - skip non existing resourceDirectory D:\synechron_07_12_2020\Eclipse_WS\seleniumtraining\src\main\resources
2020-12-10 09:58:47,019 [Worker-467: Building workspace] INFO  o.e.m.c.i.embedder.EclipseLogger - Using 'UTF-8' encoding to copy filtered resources.
2020-12-10 09:58:47,019 [Worker-467: Building workspace] INFO  o.e.m.c.i.embedder.EclipseLogger - skip non existing resourceDirectory D:\synechron_07_12_2020\Eclipse_WS\seleniumtraining\src\test\resources
2020-12-10 10:02:51,644 [Worker-467: Building workspace] INFO  o.e.m.c.i.embedder.EclipseLogger - Using 'UTF-8' encoding to copy filtered resources.
2020-12-10 10:02:51,645 [Worker-467: Building workspace] INFO  o.e.m.c.i.embedder.EclipseLogger - skip non existing resourceDirectory D:\synechron_07_12_2020\Eclipse_WS\seleniumtraining\src\main\resources
2020-12-10 10:02:51,647 [Worker-467: Building workspace] INFO  o.e.m.c.i.embedder.EclipseLogger - Using 'UTF-8' encoding to copy filtered resources.
2020-12-10 10:02:51,647 [Worker-467: Building workspace] INFO  o.e.m.c.i.embedder.EclipseLogger - skip non existing resourceDirectory D:\synechron_07_12_2020\Eclipse_WS\seleniumtraining\src\test\resources
2020-12-10 10:04:11,434 [Worker-472: Building workspace] INFO  o.e.m.c.i.embedder.EclipseLogger - Using 'UTF-8' encoding to copy filtered resources.
2020-12-10 10:04:11,435 [Worker-472: Building workspace] INFO  o.e.m.c.i.embedder.EclipseLogger - skip non existing resourceDirectory D:\synechron_07_12_2020\Eclipse_WS\seleniumtraining\src\main\resources
2020-12-10 10:04:11,438 [Worker-472: Building workspace] INFO  o.e.m.c.i.embedder.EclipseLogger - Using 'UTF-8' encoding to copy filtered resources.
2020-12-10 10:04:11,439 [Worker-472: Building workspace] INFO  o.e.m.c.i.embedder.EclipseLogger - skip non existing resourceDirectory D:\synechron_07_12_2020\Eclipse_WS\seleniumtraining\src\test\resources
2020-12-10 10:04:49,571 [Worker-472: Building workspace] INFO  o.e.m.c.i.embedder.EclipseLogger - Using 'UTF-8' encoding to copy filtered resources.
2020-12-10 10:04:49,571 [Worker-472: Building workspace] INFO  o.e.m.c.i.embedder.EclipseLogger - skip non existing resourceDirectory D:\synechron_07_12_2020\Eclipse_WS\seleniumtraining\src\main\resources
2020-12-10 10:04:49,573 [Worker-472: Building workspace] INFO  o.e.m.c.i.embedder.EclipseLogger - Using 'UTF-8' encoding to copy filtered resources.
2020-12-10 10:04:49,574 [Worker-472: Building workspace] INFO  o.e.m.c.i.embedder.EclipseLogger - skip non existing resourceDirectory D:\synechron_07_12_2020\Eclipse_WS\seleniumtraining\src\test\resources
2020-12-10 10:14:44,528 [Worker-477: Building workspace] INFO  o.e.m.c.i.embedder.EclipseLogger - Using 'UTF-8' encoding to copy filtered resources.
2020-12-10 10:14:44,529 [Worker-477: Building workspace] INFO  o.e.m.c.i.embedder.EclipseLogger - skip non existing resourceDirectory D:\synechron_07_12_2020\Eclipse_WS\seleniumtraining\src\main\resources
2020-12-10 10:14:44,533 [Worker-477: Building workspace] INFO  o.e.m.c.i.embedder.EclipseLogger - Using 'UTF-8' encoding to copy filtered resources.
2020-12-10 10:14:44,534 [Worker-477: Building workspace] INFO  o.e.m.c.i.embedder.EclipseLogger - skip non existing resourceDirectory D:\synechron_07_12_2020\Eclipse_WS\seleniumtraining\src\test\resources
2020-12-10 10:19:24,481 [Worker-481: Building workspace] INFO  o.e.m.c.i.embedder.EclipseLogger - Using 'UTF-8' encoding to copy filtered resources.
2020-12-10 10:19:24,481 [Worker-481: Building workspace] INFO  o.e.m.c.i.embedder.EclipseLogger - skip non existing resourceDirectory D:\synechron_07_12_2020\Eclipse_WS\seleniumtraining\src\main\resources
2020-12-10 10:19:24,484 [Worker-481: Building workspace] INFO  o.e.m.c.i.embedder.EclipseLogger - Using 'UTF-8' encoding to copy filtered resources.
2020-12-10 10:19:24,485 [Worker-481: Building workspace] INFO  o.e.m.c.i.embedder.EclipseLogger - skip non existing resourceDirectory D:\synechron_07_12_2020\Eclipse_WS\seleniumtraining\src\test\resources
2020-12-10 10:19:40,183 [Worker-480: Building workspace] INFO  o.e.m.c.i.embedder.EclipseLogger - Using 'UTF-8' encoding to copy filtered resources.
2020-12-10 10:19:40,183 [Worker-480: Building workspace] INFO  o.e.m.c.i.embedder.EclipseLogger - skip non existing resourceDirectory D:\synechron_07_12_2020\Eclipse_WS\seleniumtraining\src\main\resources
2020-12-10 10:19:40,187 [Worker-480: Building workspace] INFO  o.e.m.c.i.embedder.EclipseLogger - Using 'UTF-8' encoding to copy filtered resources.
2020-12-10 10:19:40,187 [Worker-480: Building workspace] INFO  o.e.m.c.i.embedder.EclipseLogger - skip non existing resourceDirectory D:\synechron_07_12_2020\Eclipse_WS\seleniumtraining\src\test\resources
2020-12-10 10:21:05,243 [Worker-474: Building workspace] INFO  o.e.m.c.i.embedder.EclipseLogger - Using 'UTF-8' encoding to copy filtered resources.
2020-12-10 10:21:05,244 [Worker-474: Building workspace] INFO  o.e.m.c.i.embedder.EclipseLogger - skip non existing resourceDirectory D:\synechron_07_12_2020\Eclipse_WS\seleniumtraining\src\main\resources
2020-12-10 10:21:05,247 [Worker-474: Building workspace] INFO  o.e.m.c.i.embedder.EclipseLogger - Using 'UTF-8' encoding to copy filtered resources.
2020-12-10 10:21:05,247 [Worker-474: Building workspace] INFO  o.e.m.c.i.embedder.EclipseLogger - skip non existing resourceDirectory D:\synechron_07_12_2020\Eclipse_WS\seleniumtraining\src\test\resources
2020-12-10 10:22:42,647 [Worker-474: Building workspace] INFO  o.e.m.c.i.embedder.EclipseLogger - Using 'UTF-8' encoding to copy filtered resources.
2020-12-10 10:22:42,648 [Worker-474: Building workspace] INFO  o.e.m.c.i.embedder.EclipseLogger - skip non existing resourceDirectory D:\synechron_07_12_2020\Eclipse_WS\seleniumtraining\src\main\resources
2020-12-10 10:22:42,651 [Worker-474: Building workspace] INFO  o.e.m.c.i.embedder.EclipseLogger - Using 'UTF-8' encoding to copy filtered resources.
2020-12-10 10:22:42,652 [Worker-474: Building workspace] INFO  o.e.m.c.i.embedder.EclipseLogger - skip non existing resourceDirectory D:\synechron_07_12_2020\Eclipse_WS\seleniumtraining\src\test\resources
2020-12-10 10:22:51,259 [Worker-479: Building workspace] INFO  o.e.m.c.i.embedder.EclipseLogger - Using 'UTF-8' encoding to copy filtered resources.
2020-12-10 10:22:51,260 [Worker-479: Building workspace] INFO  o.e.m.c.i.embedder.EclipseLogger - skip non existing resourceDirectory D:\synechron_07_12_2020\Eclipse_WS\seleniumtraining\src\main\resources
2020-12-10 10:22:51,261 [Worker-479: Building workspace] INFO  o.e.m.c.i.embedder.EclipseLogger - Using 'UTF-8' encoding to copy filtered resources.
2020-12-10 10:22:51,262 [Worker-479: Building workspace] INFO  o.e.m.c.i.embedder.EclipseLogger - skip non existing resourceDirectory D:\synechron_07_12_2020\Eclipse_WS\seleniumtraining\src\test\resources
2020-12-10 10:24:10,337 [Worker-482: Building workspace] INFO  o.e.m.c.i.embedder.EclipseLogger - Using 'UTF-8' encoding to copy filtered resources.
2020-12-10 10:24:10,337 [Worker-482: Building workspace] INFO  o.e.m.c.i.embedder.EclipseLogger - skip non existing resourceDirectory D:\synechron_07_12_2020\Eclipse_WS\seleniumtraining\src\main\resources
2020-12-10 10:24:10,339 [Worker-482: Building workspace] INFO  o.e.m.c.i.embedder.EclipseLogger - Using 'UTF-8' encoding to copy filtered resources.
2020-12-10 10:24:10,340 [Worker-482: Building workspace] INFO  o.e.m.c.i.embedder.EclipseLogger - skip non existing resourceDirectory D:\synechron_07_12_2020\Eclipse_WS\seleniumtraining\src\test\resources
2020-12-10 10:25:39,884 [Worker-482: Building workspace] INFO  o.e.m.c.i.embedder.EclipseLogger - Using 'UTF-8' encoding to copy filtered resources.
2020-12-10 10:25:39,884 [Worker-482: Building workspace] INFO  o.e.m.c.i.embedder.EclipseLogger - skip non existing resourceDirectory D:\synechron_07_12_2020\Eclipse_WS\seleniumtraining\src\main\resources
2020-12-10 10:25:39,887 [Worker-482: Building workspace] INFO  o.e.m.c.i.embedder.EclipseLogger - Using 'UTF-8' encoding to copy filtered resources.
2020-12-10 10:25:39,888 [Worker-482: Building workspace] INFO  o.e.m.c.i.embedder.EclipseLogger - skip non existing resourceDirectory D:\synechron_07_12_2020\Eclipse_WS\seleniumtraining\src\test\resources
2020-12-10 10:25:49,070 [Worker-479: Building workspace] INFO  o.e.m.c.i.embedder.EclipseLogger - Using 'UTF-8' encoding to copy filtered resources.
2020-12-10 10:25:49,070 [Worker-479: Building workspace] INFO  o.e.m.c.i.embedder.EclipseLogger - skip non existing resourceDirectory D:\synechron_07_12_2020\Eclipse_WS\seleniumtraining\src\main\resources
2020-12-10 10:25:49,072 [Worker-479: Building workspace] INFO  o.e.m.c.i.embedder.EclipseLogger - Using 'UTF-8' encoding to copy filtered resources.
2020-12-10 10:25:49,073 [Worker-479: Building workspace] INFO  o.e.m.c.i.embedder.EclipseLogger - skip non existing resourceDirectory D:\synechron_07_12_2020\Eclipse_WS\seleniumtraining\src\test\resources
2020-12-10 10:27:05,596 [Worker-479: Building workspace] INFO  o.e.m.c.i.embedder.EclipseLogger - Using 'UTF-8' encoding to copy filtered resources.
2020-12-10 10:27:05,597 [Worker-479: Building workspace] INFO  o.e.m.c.i.embedder.EclipseLogger - skip non existing resourceDirectory D:\synechron_07_12_2020\Eclipse_WS\seleniumtraining\src\main\resources
2020-12-10 10:27:05,600 [Worker-479: Building workspace] INFO  o.e.m.c.i.embedder.EclipseLogger - Using 'UTF-8' encoding to copy filtered resources.
2020-12-10 10:27:05,600 [Worker-479: Building workspace] INFO  o.e.m.c.i.embedder.EclipseLogger - skip non existing resourceDirectory D:\synechron_07_12_2020\Eclipse_WS\seleniumtraining\src\test\resources
2020-12-10 10:27:16,875 [Worker-478: Building workspace] INFO  o.e.m.c.i.embedder.EclipseLogger - Using 'UTF-8' encoding to copy filtered resources.
2020-12-10 10:27:16,876 [Worker-478: Building workspace] INFO  o.e.m.c.i.embedder.EclipseLogger - skip non existing resourceDirectory D:\synechron_07_12_2020\Eclipse_WS\seleniumtraining\src\main\resources
2020-12-10 10:27:16,877 [Worker-478: Building workspace] INFO  o.e.m.c.i.embedder.EclipseLogger - Using 'UTF-8' encoding to copy filtered resources.
2020-12-10 10:27:16,878 [Worker-478: Building workspace] INFO  o.e.m.c.i.embedder.EclipseLogger - skip non existing resourceDirectory D:\synechron_07_12_2020\Eclipse_WS\seleniumtraining\src\test\resources
2020-12-10 10:27:35,624 [Worker-474: Building workspace] INFO  o.e.m.c.i.embedder.EclipseLogger - Using 'UTF-8' encoding to copy filtered resources.
2020-12-10 10:27:35,624 [Worker-474: Building workspace] INFO  o.e.m.c.i.embedder.EclipseLogger - skip non existing resourceDirectory D:\synechron_07_12_2020\Eclipse_WS\seleniumtraining\src\main\resources
2020-12-10 10:27:35,626 [Worker-474: Building workspace] INFO  o.e.m.c.i.embedder.EclipseLogger - Using 'UTF-8' encoding to copy filtered resources.
2020-12-10 10:27:35,627 [Worker-474: Building workspace] INFO  o.e.m.c.i.embedder.EclipseLogger - skip non existing resourceDirectory D:\synechron_07_12_2020\Eclipse_WS\seleniumtraining\src\test\resources
2020-12-10 10:29:28,917 [Worker-478: Building workspace] INFO  o.e.m.c.i.embedder.EclipseLogger - Using 'UTF-8' encoding to copy filtered resources.
2020-12-10 10:29:28,918 [Worker-478: Building workspace] INFO  o.e.m.c.i.embedder.EclipseLogger - skip non existing resourceDirectory D:\synechron_07_12_2020\Eclipse_WS\seleniumtraining\src\main\resources
2020-12-10 10:29:28,920 [Worker-478: Building workspace] INFO  o.e.m.c.i.embedder.EclipseLogger - Using 'UTF-8' encoding to copy filtered resources.
2020-12-10 10:29:28,921 [Worker-478: Building workspace] INFO  o.e.m.c.i.embedder.EclipseLogger - skip non existing resourceDirectory D:\synechron_07_12_2020\Eclipse_WS\seleniumtraining\src\test\resources
2020-12-10 10:30:10,027 [Worker-480: Building workspace] INFO  o.e.m.c.i.embedder.EclipseLogger - Using 'UTF-8' encoding to copy filtered resources.
2020-12-10 10:30:10,027 [Worker-480: Building workspace] INFO  o.e.m.c.i.embedder.EclipseLogger - skip non existing resourceDirectory D:\synechron_07_12_2020\Eclipse_WS\seleniumtraining\src\main\resources
2020-12-10 10:30:10,029 [Worker-480: Building workspace] INFO  o.e.m.c.i.embedder.EclipseLogger - Using 'UTF-8' encoding to copy filtered resources.
2020-12-10 10:30:10,029 [Worker-480: Building workspace] INFO  o.e.m.c.i.embedder.EclipseLogger - skip non existing resourceDirectory D:\synechron_07_12_2020\Eclipse_WS\seleniumtraining\src\test\resources
2020-12-10 10:30:36,780 [Worker-482: Building workspace] INFO  o.e.m.c.i.embedder.EclipseLogger - Using 'UTF-8' encoding to copy filtered resources.
2020-12-10 10:30:36,780 [Worker-482: Building workspace] INFO  o.e.m.c.i.embedder.EclipseLogger - skip non existing resourceDirectory D:\synechron_07_12_2020\Eclipse_WS\seleniumtraining\src\main\resources
2020-12-10 10:30:36,782 [Worker-482: Building workspace] INFO  o.e.m.c.i.embedder.EclipseLogger - Using 'UTF-8' encoding to copy filtered resources.
2020-12-10 10:30:36,783 [Worker-482: Building workspace] INFO  o.e.m.c.i.embedder.EclipseLogger - skip non existing resourceDirectory D:\synechron_07_12_2020\Eclipse_WS\seleniumtraining\src\test\resources
2020-12-10 10:47:44,780 [Worker-487: Building workspace] INFO  o.e.m.c.i.embedder.EclipseLogger - Using 'UTF-8' encoding to copy filtered resources.
2020-12-10 10:47:44,781 [Worker-487: Building workspace] INFO  o.e.m.c.i.embedder.EclipseLogger - skip non existing resourceDirectory D:\synechron_07_12_2020\Eclipse_WS\seleniumtraining\src\main\resources
2020-12-10 10:47:44,783 [Worker-487: Building workspace] INFO  o.e.m.c.i.embedder.EclipseLogger - Using 'UTF-8' encoding to copy filtered resources.
2020-12-10 10:47:44,784 [Worker-487: Building workspace] INFO  o.e.m.c.i.embedder.EclipseLogger - skip non existing resourceDirectory D:\synechron_07_12_2020\Eclipse_WS\seleniumtraining\src\test\resources
2020-12-10 10:47:45,851 [Worker-488: Building workspace] INFO  o.e.m.c.i.embedder.EclipseLogger - Using 'UTF-8' encoding to copy filtered resources.
2020-12-10 10:47:45,851 [Worker-488: Building workspace] INFO  o.e.m.c.i.embedder.EclipseLogger - skip non existing resourceDirectory D:\synechron_07_12_2020\Eclipse_WS\seleniumtraining\src\main\resources
2020-12-10 10:47:45,853 [Worker-488: Building workspace] INFO  o.e.m.c.i.embedder.EclipseLogger - Using 'UTF-8' encoding to copy filtered resources.
2020-12-10 10:47:45,854 [Worker-488: Building workspace] INFO  o.e.m.c.i.embedder.EclipseLogger - skip non existing resourceDirectory D:\synechron_07_12_2020\Eclipse_WS\seleniumtraining\src\test\resources
2020-12-10 10:48:05,623 [Worker-487: Building workspace] INFO  o.e.m.c.i.embedder.EclipseLogger - Using 'UTF-8' encoding to copy filtered resources.
2020-12-10 10:48:05,624 [Worker-487: Building workspace] INFO  o.e.m.c.i.embedder.EclipseLogger - skip non existing resourceDirectory D:\synechron_07_12_2020\Eclipse_WS\seleniumtraining\src\main\resources
2020-12-10 10:48:05,626 [Worker-487: Building workspace] INFO  o.e.m.c.i.embedder.EclipseLogger - Using 'UTF-8' encoding to copy filtered resources.
2020-12-10 10:48:05,626 [Worker-487: Building workspace] INFO  o.e.m.c.i.embedder.EclipseLogger - skip non existing resourceDirectory D:\synechron_07_12_2020\Eclipse_WS\seleniumtraining\src\test\resources
2020-12-10 10:51:55,928 [Worker-487: Building workspace] INFO  o.e.m.c.i.embedder.EclipseLogger - Using 'UTF-8' encoding to copy filtered resources.
2020-12-10 10:51:55,928 [Worker-487: Building workspace] INFO  o.e.m.c.i.embedder.EclipseLogger - skip non existing resourceDirectory D:\synechron_07_12_2020\Eclipse_WS\seleniumtraining\src\main\resources
2020-12-10 10:51:55,930 [Worker-487: Building workspace] INFO  o.e.m.c.i.embedder.EclipseLogger - Using 'UTF-8' encoding to copy filtered resources.
2020-12-10 10:51:55,930 [Worker-487: Building workspace] INFO  o.e.m.c.i.embedder.EclipseLogger - skip non existing resourceDirectory D:\synechron_07_12_2020\Eclipse_WS\seleniumtraining\src\test\resources
2020-12-10 10:52:14,340 [Worker-484: Building workspace] INFO  o.e.m.c.i.embedder.EclipseLogger - Using 'UTF-8' encoding to copy filtered resources.
2020-12-10 10:52:14,340 [Worker-484: Building workspace] INFO  o.e.m.c.i.embedder.EclipseLogger - skip non existing resourceDirectory D:\synechron_07_12_2020\Eclipse_WS\seleniumtraining\src\main\resources
2020-12-10 10:52:14,343 [Worker-484: Building workspace] INFO  o.e.m.c.i.embedder.EclipseLogger - Using 'UTF-8' encoding to copy filtered resources.
2020-12-10 10:52:14,344 [Worker-484: Building workspace] INFO  o.e.m.c.i.embedder.EclipseLogger - skip non existing resourceDirectory D:\synechron_07_12_2020\Eclipse_WS\seleniumtraining\src\test\resources
2020-12-10 10:52:29,303 [Worker-487: Building workspace] INFO  o.e.m.c.i.embedder.EclipseLogger - Using 'UTF-8' encoding to copy filtered resources.
2020-12-10 10:52:29,303 [Worker-487: Building workspace] INFO  o.e.m.c.i.embedder.EclipseLogger - skip non existing resourceDirectory D:\synechron_07_12_2020\Eclipse_WS\seleniumtraining\src\main\resources
2020-12-10 10:52:29,305 [Worker-487: Building workspace] INFO  o.e.m.c.i.embedder.EclipseLogger - Using 'UTF-8' encoding to copy filtered resources.
2020-12-10 10:52:29,305 [Worker-487: Building workspace] INFO  o.e.m.c.i.embedder.EclipseLogger - skip non existing resourceDirectory D:\synechron_07_12_2020\Eclipse_WS\seleniumtraining\src\test\resources
2020-12-10 10:56:28,376 [Worker-484: Building workspace] INFO  o.e.m.c.i.embedder.EclipseLogger - Using 'UTF-8' encoding to copy filtered resources.
2020-12-10 10:56:28,377 [Worker-484: Building workspace] INFO  o.e.m.c.i.embedder.EclipseLogger - skip non existing resourceDirectory D:\synechron_07_12_2020\Eclipse_WS\seleniumtraining\src\main\resources
2020-12-10 10:56:28,379 [Worker-484: Building workspace] INFO  o.e.m.c.i.embedder.EclipseLogger - Using 'UTF-8' encoding to copy filtered resources.
2020-12-10 10:56:28,379 [Worker-484: Building workspace] INFO  o.e.m.c.i.embedder.EclipseLogger - skip non existing resourceDirectory D:\synechron_07_12_2020\Eclipse_WS\seleniumtraining\src\test\resources
2020-12-10 10:57:54,477 [Worker-494: Building workspace] INFO  o.e.m.c.i.embedder.EclipseLogger - Using 'UTF-8' encoding to copy filtered resources.
2020-12-10 10:57:54,477 [Worker-494: Building workspace] INFO  o.e.m.c.i.embedder.EclipseLogger - skip non existing resourceDirectory D:\synechron_07_12_2020\Eclipse_WS\seleniumtraining\src\main\resources
2020-12-10 10:57:54,479 [Worker-494: Building workspace] INFO  o.e.m.c.i.embedder.EclipseLogger - Using 'UTF-8' encoding to copy filtered resources.
2020-12-10 10:57:54,480 [Worker-494: Building workspace] INFO  o.e.m.c.i.embedder.EclipseLogger - skip non existing resourceDirectory D:\synechron_07_12_2020\Eclipse_WS\seleniumtraining\src\test\resources
2020-12-10 10:58:15,178 [Worker-488: Building workspace] INFO  o.e.m.c.i.embedder.EclipseLogger - Using 'UTF-8' encoding to copy filtered resources.
2020-12-10 10:58:15,178 [Worker-488: Building workspace] INFO  o.e.m.c.i.embedder.EclipseLogger - skip non existing resourceDirectory D:\synechron_07_12_2020\Eclipse_WS\seleniumtraining\src\main\resources
2020-12-10 10:58:15,181 [Worker-488: Building workspace] INFO  o.e.m.c.i.embedder.EclipseLogger - Using 'UTF-8' encoding to copy filtered resources.
2020-12-10 10:58:15,182 [Worker-488: Building workspace] INFO  o.e.m.c.i.embedder.EclipseLogger - skip non existing resourceDirectory D:\synechron_07_12_2020\Eclipse_WS\seleniumtraining\src\test\resources
2020-12-10 10:58:23,645 [Worker-495: Building workspace] INFO  o.e.m.c.i.embedder.EclipseLogger - Using 'UTF-8' encoding to copy filtered resources.
2020-12-10 10:58:23,646 [Worker-495: Building workspace] INFO  o.e.m.c.i.embedder.EclipseLogger - skip non existing resourceDirectory D:\synechron_07_12_2020\Eclipse_WS\seleniumtraining\src\main\resources
2020-12-10 10:58:23,647 [Worker-495: Building workspace] INFO  o.e.m.c.i.embedder.EclipseLogger - Using 'UTF-8' encoding to copy filtered resources.
2020-12-10 10:58:23,648 [Worker-495: Building workspace] INFO  o.e.m.c.i.embedder.EclipseLogger - skip non existing resourceDirectory D:\synechron_07_12_2020\Eclipse_WS\seleniumtraining\src\test\resources
2020-12-10 10:58:38,169 [Worker-484: Building workspace] INFO  o.e.m.c.i.embedder.EclipseLogger - Using 'UTF-8' encoding to copy filtered resources.
2020-12-10 10:58:38,169 [Worker-484: Building workspace] INFO  o.e.m.c.i.embedder.EclipseLogger - skip non existing resourceDirectory D:\synechron_07_12_2020\Eclipse_WS\seleniumtraining\src\main\resources
2020-12-10 10:58:38,171 [Worker-484: Building workspace] INFO  o.e.m.c.i.embedder.EclipseLogger - Using 'UTF-8' encoding to copy filtered resources.
2020-12-10 10:58:38,171 [Worker-484: Building workspace] INFO  o.e.m.c.i.embedder.EclipseLogger - skip non existing resourceDirectory D:\synechron_07_12_2020\Eclipse_WS\seleniumtraining\src\test\resources
2020-12-10 11:00:21,543 [Worker-484: Building workspace] INFO  o.e.m.c.i.embedder.EclipseLogger - Using 'UTF-8' encoding to copy filtered resources.
2020-12-10 11:00:21,543 [Worker-484: Building workspace] INFO  o.e.m.c.i.embedder.EclipseLogger - skip non existing resourceDirectory D:\synechron_07_12_2020\Eclipse_WS\seleniumtraining\src\main\resources
2020-12-10 11:00:21,546 [Worker-484: Building workspace] INFO  o.e.m.c.i.embedder.EclipseLogger - Using 'UTF-8' encoding to copy filtered resources.
2020-12-10 11:00:21,546 [Worker-484: Building workspace] INFO  o.e.m.c.i.embedder.EclipseLogger - skip non existing resourceDirectory D:\synechron_07_12_2020\Eclipse_WS\seleniumtraining\src\test\resources
2020-12-10 11:00:38,319 [Worker-490: Building workspace] INFO  o.e.m.c.i.embedder.EclipseLogger - Using 'UTF-8' encoding to copy filtered resources.
2020-12-10 11:00:38,320 [Worker-490: Building workspace] INFO  o.e.m.c.i.embedder.EclipseLogger - skip non existing resourceDirectory D:\synechron_07_12_2020\Eclipse_WS\seleniumtraining\src\main\resources
2020-12-10 11:00:38,322 [Worker-490: Building workspace] INFO  o.e.m.c.i.embedder.EclipseLogger - Using 'UTF-8' encoding to copy filtered resources.
2020-12-10 11:00:38,323 [Worker-490: Building workspace] INFO  o.e.m.c.i.embedder.EclipseLogger - skip non existing resourceDirectory D:\synechron_07_12_2020\Eclipse_WS\seleniumtraining\src\test\resources
2020-12-10 11:00:43,261 [Worker-492: Building workspace] INFO  o.e.m.c.i.embedder.EclipseLogger - Using 'UTF-8' encoding to copy filtered resources.
2020-12-10 11:00:43,261 [Worker-492: Building workspace] INFO  o.e.m.c.i.embedder.EclipseLogger - skip non existing resourceDirectory D:\synechron_07_12_2020\Eclipse_WS\seleniumtraining\src\main\resources
2020-12-10 11:00:43,263 [Worker-492: Building workspace] INFO  o.e.m.c.i.embedder.EclipseLogger - Using 'UTF-8' encoding to copy filtered resources.
2020-12-10 11:00:43,264 [Worker-492: Building workspace] INFO  o.e.m.c.i.embedder.EclipseLogger - skip non existing resourceDirectory D:\synechron_07_12_2020\Eclipse_WS\seleniumtraining\src\test\resources
2020-12-10 11:02:10,800 [Worker-495: Building workspace] INFO  o.e.m.c.i.embedder.EclipseLogger - Using 'UTF-8' encoding to copy filtered resources.
2020-12-10 11:02:10,801 [Worker-495: Building workspace] INFO  o.e.m.c.i.embedder.EclipseLogger - skip non existing resourceDirectory D:\synechron_07_12_2020\Eclipse_WS\seleniumtraining\src\main\resources
2020-12-10 11:02:10,803 [Worker-495: Building workspace] INFO  o.e.m.c.i.embedder.EclipseLogger - Using 'UTF-8' encoding to copy filtered resources.
2020-12-10 11:02:10,804 [Worker-495: Building workspace] INFO  o.e.m.c.i.embedder.EclipseLogger - skip non existing resourceDirectory D:\synechron_07_12_2020\Eclipse_WS\seleniumtraining\src\test\resources
2020-12-10 11:04:29,242 [Worker-488: Building workspace] INFO  o.e.m.c.i.embedder.EclipseLogger - Using 'UTF-8' encoding to copy filtered resources.
2020-12-10 11:04:29,243 [Worker-488: Building workspace] INFO  o.e.m.c.i.embedder.EclipseLogger - skip non existing resourceDirectory D:\synechron_07_12_2020\Eclipse_WS\seleniumtraining\src\main\resources
2020-12-10 11:04:29,245 [Worker-488: Building workspace] INFO  o.e.m.c.i.embedder.EclipseLogger - Using 'UTF-8' encoding to copy filtered resources.
2020-12-10 11:04:29,245 [Worker-488: Building workspace] INFO  o.e.m.c.i.embedder.EclipseLogger - skip non existing resourceDirectory D:\synechron_07_12_2020\Eclipse_WS\seleniumtraining\src\test\resources
2020-12-10 11:06:56,940 [Worker-497: Building workspace] INFO  o.e.m.c.i.embedder.EclipseLogger - Using 'UTF-8' encoding to copy filtered resources.
2020-12-10 11:06:56,941 [Worker-497: Building workspace] INFO  o.e.m.c.i.embedder.EclipseLogger - skip non existing resourceDirectory D:\synechron_07_12_2020\Eclipse_WS\seleniumtraining\src\main\resources
2020-12-10 11:06:56,943 [Worker-497: Building workspace] INFO  o.e.m.c.i.embedder.EclipseLogger - Using 'UTF-8' encoding to copy filtered resources.
2020-12-10 11:06:56,943 [Worker-497: Building workspace] INFO  o.e.m.c.i.embedder.EclipseLogger - skip non existing resourceDirectory D:\synechron_07_12_2020\Eclipse_WS\seleniumtraining\src\test\resources
2020-12-10 11:41:06,316 [Worker-502: Building workspace] INFO  o.e.m.c.i.embedder.EclipseLogger - Using 'UTF-8' encoding to copy filtered resources.
2020-12-10 11:41:06,316 [Worker-502: Building workspace] INFO  o.e.m.c.i.embedder.EclipseLogger - skip non existing resourceDirectory D:\synechron_07_12_2020\Eclipse_WS\seleniumtraining\src\main\resources
2020-12-10 11:41:06,334 [Worker-502: Building workspace] INFO  o.e.m.c.i.embedder.EclipseLogger - Using 'UTF-8' encoding to copy filtered resources.
2020-12-10 11:41:06,334 [Worker-502: Building workspace] INFO  o.e.m.c.i.embedder.EclipseLogger - skip non existing resourceDirectory D:\synechron_07_12_2020\Eclipse_WS\seleniumtraining\src\test\resources
2020-12-10 11:41:15,802 [Worker-508: Building workspace] INFO  o.e.m.c.i.embedder.EclipseLogger - Using 'UTF-8' encoding to copy filtered resources.
2020-12-10 11:41:15,802 [Worker-508: Building workspace] INFO  o.e.m.c.i.embedder.EclipseLogger - skip non existing resourceDirectory D:\synechron_07_12_2020\Eclipse_WS\seleniumtraining\src\main\resources
2020-12-10 11:41:15,804 [Worker-508: Building workspace] INFO  o.e.m.c.i.embedder.EclipseLogger - Using 'UTF-8' encoding to copy filtered resources.
2020-12-10 11:41:15,805 [Worker-508: Building workspace] INFO  o.e.m.c.i.embedder.EclipseLogger - skip non existing resourceDirectory D:\synechron_07_12_2020\Eclipse_WS\seleniumtraining\src\test\resources
2020-12-10 11:46:36,094 [Worker-508: Building workspace] INFO  o.e.m.c.i.embedder.EclipseLogger - Using 'UTF-8' encoding to copy filtered resources.
2020-12-10 11:46:36,094 [Worker-508: Building workspace] INFO  o.e.m.c.i.embedder.EclipseLogger - skip non existing resourceDirectory D:\synechron_07_12_2020\Eclipse_WS\seleniumtraining\src\main\resources
2020-12-10 11:46:36,096 [Worker-508: Building workspace] INFO  o.e.m.c.i.embedder.EclipseLogger - Using 'UTF-8' encoding to copy filtered resources.
2020-12-10 11:46:36,103 [Worker-508: Building workspace] INFO  o.e.m.c.i.embedder.EclipseLogger - skip non existing resourceDirectory D:\synechron_07_12_2020\Eclipse_WS\seleniumtraining\src\test\resources
2020-12-10 11:46:50,807 [Worker-507: Building workspace] INFO  o.e.m.c.i.embedder.EclipseLogger - Using 'UTF-8' encoding to copy filtered resources.
2020-12-10 11:46:50,807 [Worker-507: Building workspace] INFO  o.e.m.c.i.embedder.EclipseLogger - skip non existing resourceDirectory D:\synechron_07_12_2020\Eclipse_WS\seleniumtraining\src\main\resources
2020-12-10 11:46:50,809 [Worker-507: Building workspace] INFO  o.e.m.c.i.embedder.EclipseLogger - Using 'UTF-8' encoding to copy filtered resources.
2020-12-10 11:46:50,809 [Worker-507: Building workspace] INFO  o.e.m.c.i.embedder.EclipseLogger - skip non existing resourceDirectory D:\synechron_07_12_2020\Eclipse_WS\seleniumtraining\src\test\resources
2020-12-10 11:57:46,706 [Worker-515: Building workspace] INFO  o.e.m.c.i.embedder.EclipseLogger - Using 'UTF-8' encoding to copy filtered resources.
2020-12-10 11:57:46,707 [Worker-515: Building workspace] INFO  o.e.m.c.i.embedder.EclipseLogger - skip non existing resourceDirectory D:\synechron_07_12_2020\Eclipse_WS\seleniumtraining\src\main\resources
2020-12-10 11:57:46,711 [Worker-515: Building workspace] INFO  o.e.m.c.i.embedder.EclipseLogger - Using 'UTF-8' encoding to copy filtered resources.
2020-12-10 11:57:46,712 [Worker-515: Building workspace] INFO  o.e.m.c.i.embedder.EclipseLogger - skip non existing resourceDirectory D:\synechron_07_12_2020\Eclipse_WS\seleniumtraining\src\test\resources
2020-12-10 11:57:47,915 [Worker-513: Building workspace] INFO  o.e.m.c.i.embedder.EclipseLogger - Using 'UTF-8' encoding to copy filtered resources.
2020-12-10 11:57:47,915 [Worker-513: Building workspace] INFO  o.e.m.c.i.embedder.EclipseLogger - skip non existing resourceDirectory D:\synechron_07_12_2020\Eclipse_WS\seleniumtraining\src\main\resources
2020-12-10 11:57:47,917 [Worker-513: Building workspace] INFO  o.e.m.c.i.embedder.EclipseLogger - Using 'UTF-8' encoding to copy filtered resources.
2020-12-10 11:57:47,917 [Worker-513: Building workspace] INFO  o.e.m.c.i.embedder.EclipseLogger - skip non existing resourceDirectory D:\synechron_07_12_2020\Eclipse_WS\seleniumtraining\src\test\resources
2020-12-10 11:59:41,218 [Worker-514: Building workspace] INFO  o.e.m.c.i.embedder.EclipseLogger - Using 'UTF-8' encoding to copy filtered resources.
2020-12-10 11:59:41,219 [Worker-514: Building workspace] INFO  o.e.m.c.i.embedder.EclipseLogger - skip non existing resourceDirectory D:\synechron_07_12_2020\Eclipse_WS\seleniumtraining\src\main\resources
2020-12-10 11:59:41,223 [Worker-514: Building workspace] INFO  o.e.m.c.i.embedder.EclipseLogger - Using 'UTF-8' encoding to copy filtered resources.
2020-12-10 11:59:41,223 [Worker-514: Building workspace] INFO  o.e.m.c.i.embedder.EclipseLogger - skip non existing resourceDirectory D:\synechron_07_12_2020\Eclipse_WS\seleniumtraining\src\test\resources
2020-12-10 12:00:13,384 [Worker-516: Building workspace] INFO  o.e.m.c.i.embedder.EclipseLogger - Using 'UTF-8' encoding to copy filtered resources.
2020-12-10 12:00:13,385 [Worker-516: Building workspace] INFO  o.e.m.c.i.embedder.EclipseLogger - skip non existing resourceDirectory D:\synechron_07_12_2020\Eclipse_WS\seleniumtraining\src\main\resources
2020-12-10 12:00:13,387 [Worker-516: Building workspace] INFO  o.e.m.c.i.embedder.EclipseLogger - Using 'UTF-8' encoding to copy filtered resources.
2020-12-10 12:00:13,388 [Worker-516: Building workspace] INFO  o.e.m.c.i.embedder.EclipseLogger - skip non existing resourceDirectory D:\synechron_07_12_2020\Eclipse_WS\seleniumtraining\src\test\resources
2020-12-10 12:00:23,445 [Worker-514: Building workspace] INFO  o.e.m.c.i.embedder.EclipseLogger - Using 'UTF-8' encoding to copy filtered resources.
2020-12-10 12:00:23,445 [Worker-514: Building workspace] INFO  o.e.m.c.i.embedder.EclipseLogger - skip non existing resourceDirectory D:\synechron_07_12_2020\Eclipse_WS\seleniumtraining\src\main\resources
2020-12-10 12:00:23,447 [Worker-514: Building workspace] INFO  o.e.m.c.i.embedder.EclipseLogger - Using 'UTF-8' encoding to copy filtered resources.
2020-12-10 12:00:23,448 [Worker-514: Building workspace] INFO  o.e.m.c.i.embedder.EclipseLogger - skip non existing resourceDirectory D:\synechron_07_12_2020\Eclipse_WS\seleniumtraining\src\test\resources
2020-12-10 12:00:31,424 [Worker-516: Building workspace] INFO  o.e.m.c.i.embedder.EclipseLogger - Using 'UTF-8' encoding to copy filtered resources.
2020-12-10 12:00:31,424 [Worker-516: Building workspace] INFO  o.e.m.c.i.embedder.EclipseLogger - skip non existing resourceDirectory D:\synechron_07_12_2020\Eclipse_WS\seleniumtraining\src\main\resources
2020-12-10 12:00:31,427 [Worker-516: Building workspace] INFO  o.e.m.c.i.embedder.EclipseLogger - Using 'UTF-8' encoding to copy filtered resources.
2020-12-10 12:00:31,427 [Worker-516: Building workspace] INFO  o.e.m.c.i.embedder.EclipseLogger - skip non existing resourceDirectory D:\synechron_07_12_2020\Eclipse_WS\seleniumtraining\src\test\resources
2020-12-10 12:00:44,108 [Worker-517: Building workspace] INFO  o.e.m.c.i.embedder.EclipseLogger - Using 'UTF-8' encoding to copy filtered resources.
2020-12-10 12:00:44,109 [Worker-517: Building workspace] INFO  o.e.m.c.i.embedder.EclipseLogger - skip non existing resourceDirectory D:\synechron_07_12_2020\Eclipse_WS\seleniumtraining\src\main\resources
2020-12-10 12:00:44,111 [Worker-517: Building workspace] INFO  o.e.m.c.i.embedder.EclipseLogger - Using 'UTF-8' encoding to copy filtered resources.
2020-12-10 12:00:44,113 [Worker-517: Building workspace] INFO  o.e.m.c.i.embedder.EclipseLogger - skip non existing resourceDirectory D:\synechron_07_12_2020\Eclipse_WS\seleniumtraining\src\test\resources
2020-12-10 12:01:17,560 [Worker-517: Building workspace] INFO  o.e.m.c.i.embedder.EclipseLogger - Using 'UTF-8' encoding to copy filtered resources.
2020-12-10 12:01:17,561 [Worker-517: Building workspace] INFO  o.e.m.c.i.embedder.EclipseLogger - skip non existing resourceDirectory D:\synechron_07_12_2020\Eclipse_WS\seleniumtraining\src\main\resources
2020-12-10 12:01:17,562 [Worker-517: Building workspace] INFO  o.e.m.c.i.embedder.EclipseLogger - Using 'UTF-8' encoding to copy filtered resources.
2020-12-10 12:01:17,562 [Worker-517: Building workspace] INFO  o.e.m.c.i.embedder.EclipseLogger - skip non existing resourceDirectory D:\synechron_07_12_2020\Eclipse_WS\seleniumtraining\src\test\resources
2020-12-10 12:04:09,212 [Worker-514: Building workspace] INFO  o.e.m.c.i.embedder.EclipseLogger - Using 'UTF-8' encoding to copy filtered resources.
2020-12-10 12:04:09,213 [Worker-514: Building workspace] INFO  o.e.m.c.i.embedder.EclipseLogger - skip non existing resourceDirectory D:\synechron_07_12_2020\Eclipse_WS\seleniumtraining\src\main\resources
2020-12-10 12:04:09,215 [Worker-514: Building workspace] INFO  o.e.m.c.i.embedder.EclipseLogger - Using 'UTF-8' encoding to copy filtered resources.
2020-12-10 12:04:09,216 [Worker-514: Building workspace] INFO  o.e.m.c.i.embedder.EclipseLogger - skip non existing resourceDirectory D:\synechron_07_12_2020\Eclipse_WS\seleniumtraining\src\test\resources
2020-12-10 12:04:18,173 [Worker-519: Building workspace] INFO  o.e.m.c.i.embedder.EclipseLogger - Using 'UTF-8' encoding to copy filtered resources.
2020-12-10 12:04:18,173 [Worker-519: Building workspace] INFO  o.e.m.c.i.embedder.EclipseLogger - skip non existing resourceDirectory D:\synechron_07_12_2020\Eclipse_WS\seleniumtraining\src\main\resources
2020-12-10 12:04:18,175 [Worker-519: Building workspace] INFO  o.e.m.c.i.embedder.EclipseLogger - Using 'UTF-8' encoding to copy filtered resources.
2020-12-10 12:04:18,176 [Worker-519: Building workspace] INFO  o.e.m.c.i.embedder.EclipseLogger - skip non existing resourceDirectory D:\synechron_07_12_2020\Eclipse_WS\seleniumtraining\src\test\resources
2020-12-10 12:06:56,911 [Worker-514: Building workspace] INFO  o.e.m.c.i.embedder.EclipseLogger - Using 'UTF-8' encoding to copy filtered resources.
2020-12-10 12:06:56,911 [Worker-514: Building workspace] INFO  o.e.m.c.i.embedder.EclipseLogger - skip non existing resourceDirectory D:\synechron_07_12_2020\Eclipse_WS\seleniumtraining\src\main\resources
2020-12-10 12:06:56,914 [Worker-514: Building workspace] INFO  o.e.m.c.i.embedder.EclipseLogger - Using 'UTF-8' encoding to copy filtered resources.
2020-12-10 12:06:56,914 [Worker-514: Building workspace] INFO  o.e.m.c.i.embedder.EclipseLogger - skip non existing resourceDirectory D:\synechron_07_12_2020\Eclipse_WS\seleniumtraining\src\test\resources
2020-12-10 12:07:03,096 [Worker-518: Building workspace] INFO  o.e.m.c.i.embedder.EclipseLogger - Using 'UTF-8' encoding to copy filtered resources.
2020-12-10 12:07:03,096 [Worker-518: Building workspace] INFO  o.e.m.c.i.embedder.EclipseLogger - skip non existing resourceDirectory D:\synechron_07_12_2020\Eclipse_WS\seleniumtraining\src\main\resources
2020-12-10 12:07:03,098 [Worker-518: Building workspace] INFO  o.e.m.c.i.embedder.EclipseLogger - Using 'UTF-8' encoding to copy filtered resources.
2020-12-10 12:07:03,098 [Worker-518: Building workspace] INFO  o.e.m.c.i.embedder.EclipseLogger - skip non existing resourceDirectory D:\synechron_07_12_2020\Eclipse_WS\seleniumtraining\src\test\resources
2020-12-10 12:07:45,777 [Worker-521: Building workspace] INFO  o.e.m.c.i.embedder.EclipseLogger - Using 'UTF-8' encoding to copy filtered resources.
2020-12-10 12:07:45,777 [Worker-521: Building workspace] INFO  o.e.m.c.i.embedder.EclipseLogger - skip non existing resourceDirectory D:\synechron_07_12_2020\Eclipse_WS\seleniumtraining\src\main\resources
2020-12-10 12:07:45,779 [Worker-521: Building workspace] INFO  o.e.m.c.i.embedder.EclipseLogger - Using 'UTF-8' encoding to copy filtered resources.
2020-12-10 12:07:45,780 [Worker-521: Building workspace] INFO  o.e.m.c.i.embedder.EclipseLogger - skip non existing resourceDirectory D:\synechron_07_12_2020\Eclipse_WS\seleniumtraining\src\test\resources
2020-12-10 12:07:56,235 [Worker-523: Building workspace] INFO  o.e.m.c.i.embedder.EclipseLogger - Using 'UTF-8' encoding to copy filtered resources.
2020-12-10 12:07:56,236 [Worker-523: Building workspace] INFO  o.e.m.c.i.embedder.EclipseLogger - skip non existing resourceDirectory D:\synechron_07_12_2020\Eclipse_WS\seleniumtraining\src\main\resources
2020-12-10 12:07:56,238 [Worker-523: Building workspace] INFO  o.e.m.c.i.embedder.EclipseLogger - Using 'UTF-8' encoding to copy filtered resources.
2020-12-10 12:07:56,238 [Worker-523: Building workspace] INFO  o.e.m.c.i.embedder.EclipseLogger - skip non existing resourceDirectory D:\synechron_07_12_2020\Eclipse_WS\seleniumtraining\src\test\resources
2020-12-10 12:08:09,782 [Worker-514: Building workspace] INFO  o.e.m.c.i.embedder.EclipseLogger - Using 'UTF-8' encoding to copy filtered resources.
2020-12-10 12:08:09,782 [Worker-514: Building workspace] INFO  o.e.m.c.i.embedder.EclipseLogger - skip non existing resourceDirectory D:\synechron_07_12_2020\Eclipse_WS\seleniumtraining\src\main\resources
2020-12-10 12:08:09,784 [Worker-514: Building workspace] INFO  o.e.m.c.i.embedder.EclipseLogger - Using 'UTF-8' encoding to copy filtered resources.
2020-12-10 12:08:09,788 [Worker-514: Building workspace] INFO  o.e.m.c.i.embedder.EclipseLogger - skip non existing resourceDirectory D:\synechron_07_12_2020\Eclipse_WS\seleniumtraining\src\test\resources
2020-12-10 12:08:17,174 [Worker-523: Building workspace] INFO  o.e.m.c.i.embedder.EclipseLogger - Using 'UTF-8' encoding to copy filtered resources.
2020-12-10 12:08:17,174 [Worker-523: Building workspace] INFO  o.e.m.c.i.embedder.EclipseLogger - skip non existing resourceDirectory D:\synechron_07_12_2020\Eclipse_WS\seleniumtraining\src\main\resources
2020-12-10 12:08:17,176 [Worker-523: Building workspace] INFO  o.e.m.c.i.embedder.EclipseLogger - Using 'UTF-8' encoding to copy filtered resources.
2020-12-10 12:08:17,176 [Worker-523: Building workspace] INFO  o.e.m.c.i.embedder.EclipseLogger - skip non existing resourceDirectory D:\synechron_07_12_2020\Eclipse_WS\seleniumtraining\src\test\resources
2020-12-10 12:09:16,028 [Worker-514: Building workspace] INFO  o.e.m.c.i.embedder.EclipseLogger - Using 'UTF-8' encoding to copy filtered resources.
2020-12-10 12:09:16,029 [Worker-514: Building workspace] INFO  o.e.m.c.i.embedder.EclipseLogger - skip non existing resourceDirectory D:\synechron_07_12_2020\Eclipse_WS\seleniumtraining\src\main\resources
2020-12-10 12:09:16,036 [Worker-514: Building workspace] INFO  o.e.m.c.i.embedder.EclipseLogger - Using 'UTF-8' encoding to copy filtered resources.
2020-12-10 12:09:16,037 [Worker-514: Building workspace] INFO  o.e.m.c.i.embedder.EclipseLogger - skip non existing resourceDirectory D:\synechron_07_12_2020\Eclipse_WS\seleniumtraining\src\test\resources
2020-12-10 12:11:10,107 [Worker-514: Building workspace] INFO  o.e.m.c.i.embedder.EclipseLogger - Using 'UTF-8' encoding to copy filtered resources.
2020-12-10 12:11:10,108 [Worker-514: Building workspace] INFO  o.e.m.c.i.embedder.EclipseLogger - skip non existing resourceDirectory D:\synechron_07_12_2020\Eclipse_WS\seleniumtraining\src\main\resources
2020-12-10 12:11:10,110 [Worker-514: Building workspace] INFO  o.e.m.c.i.embedder.EclipseLogger - Using 'UTF-8' encoding to copy filtered resources.
2020-12-10 12:11:10,110 [Worker-514: Building workspace] INFO  o.e.m.c.i.embedder.EclipseLogger - skip non existing resourceDirectory D:\synechron_07_12_2020\Eclipse_WS\seleniumtraining\src\test\resources
